Run Information
========================
cognizant.intelligent.test.scripter.engine : 1.0
java.runtime.name    : Java(TM) SE Runtime Environment
java.version         : 1.8.0_231
java.home            : C:\Program Files\Java\jdk1.8.0_231\jre
os.name              : Windows 10
os.arch              : amd64
os.version           : 10.0
file.encoding        : UTF-8
========================
Run Started on Fri Jan 10 18:52:24 EST 2020
Loading Browser Profile
Loading RunManager
[Scenario:BasicFeatures] [TestCase: Iterations&SubIterations] [Description: Iterations&SubIterations] [Browser: Chrome] [BrowserVersion: Default] [Platform: ANY][ExistingBrowser: false]
[Scenario:BasicFeatures] [TestCase: Demo1TestCase] [Description: Demo1TestCase] [Browser: Chrome] [BrowserVersion: Default] [Platform: ANY][ExistingBrowser: false]
----------------------------------------------------------
[2] TestCases selected for execution from [//cits/BasicWebFlow_Default]
----------------------------------------------------------
Initializing Report
ApiLink not available!!
Shutting Down Thread as there is no need for SelectiveThreading
Running Iteration 1
Launching Chrome
Launching Remote Driver
2020-01-10 18:52:25:01S -0500 [INFO] org.openqa.selenium.remote.ProtocolHandshake createSession:Detected dialect: W3C
Chrome Launched
Step:1   | Object: Browser | Action: Open | Input: @http://toolsqa.com/automation-practice-form/ | Conditon:  | @10-Jan-2020 18:52:25.025
[DONE]   | Opened Url: http://toolsqa.com/automation-practice-form/

===================================================================================================

Step:2   | Object: firstname | Action: Click | Input:  | Conditon:  | @10-Jan-2020 18:52:27.027
Using @name [firstname], Object 'firstname' Found in 720 ms
[DONE]   | Clicking on firstname

===================================================================================================

Step:3   | Object: firstname | Action: Set | Input: Iterations:FirstName | Conditon: Start Param | @10-Jan-2020 18:52:32.032
Using @name [firstname], Object 'firstname' Found in 116 ms
[DONE]   | Entered Text 'Cognizant1' on 'firstname'

===================================================================================================

Step:4   | Object: lastname | Action: Click | Input:  | Conditon:  | @10-Jan-2020 18:52:33.033
Using @type [input], Object 'lastname' Found in 319 ms
2020-01-10 18:52:33:01S -0500 [SEVERE] com.cognizant.cognizantits.engine.execution.run.TestCaseRunner onError:com.cognizant.cognizantits.engine.execution.exception.element.ElementException: Seems Like the Element [lastname] is Not Visible or hidden at the moment
com.cognizant.cognizantits.engine.execution.exception.element.ElementException: Seems Like the Element [lastname] is Not Visible or hidden at the moment
	at com.cognizant.cognizantits.engine.commands.General.elementEnabled(General.java:64)
	at com.cognizant.cognizantits.engine.commands.Basic.Click(Basic.java:45)
	at com.cognizant.cognizantits.engine.support.reflect.MethodExecutor.executeMethod(MethodExecutor.java:39)
	at com.cognizant.cognizantits.engine.execution.run.TestStepRunner.executeAction(TestStepRunner.java:148)
	at com.cognizant.cognizantits.engine.execution.run.TestStepRunner.executeStep(TestStepRunner.java:144)
	at com.cognizant.cognizantits.engine.execution.run.TestStepRunner.executeStep(TestStepRunner.java:132)
	at com.cognizant.cognizantits.engine.execution.run.TestStepRunner.run(TestStepRunner.java:60)
	at com.cognizant.cognizantits.engine.execution.run.TestCaseRunner.runStep(TestCaseRunner.java:376)
	at com.cognizant.cognizantits.engine.execution.run.TestCaseRunner.run(TestCaseRunner.java:334)
	at com.cognizant.cognizantits.engine.core.Task.runIteration(Task.java:123)
	at com.cognizant.cognizantits.engine.core.Task.run(Task.java:79)
	at java.util.concurrent.ThreadPoolExecutor.runWorker(ThreadPoolExecutor.java:1149)
	at java.util.concurrent.ThreadPoolExecutor$Worker.run(ThreadPoolExecutor.java:624)
	at java.lang.Thread.run(Thread.java:748)

[FAIL]   | com.cognizant.cognizantits.engine.execution.exception.element.ElementException: Seems Like the Element [lastname] is Not Visible or hidden at the moment

===================================================================================================

2020-01-10 18:52:33:01S -0500 [INFO] org.openqa.selenium.remote.ErrorCodes toStatus:HTTP Status: '404' -> incorrect JSON status mapping for 'no such alert' (400 expected)
Step:5   | Object: lastname | Action: Set | Input: Iterations:LastName | Conditon:  | @10-Jan-2020 18:53:01.001
Using @type [input], Object 'lastname' Found in 260 ms
2020-01-10 18:53:01:01S -0500 [SEVERE] com.cognizant.cognizantits.engine.execution.run.TestCaseRunner onError:com.cognizant.cognizantits.engine.execution.exception.element.ElementException: Seems Like the Element [lastname] is Not Visible or hidden at the moment
com.cognizant.cognizantits.engine.execution.exception.element.ElementException: Seems Like the Element [lastname] is Not Visible or hidden at the moment
	at com.cognizant.cognizantits.engine.commands.General.elementEnabled(General.java:64)
	at com.cognizant.cognizantits.engine.commands.Basic.Set(Basic.java:97)
	at com.cognizant.cognizantits.engine.support.reflect.MethodExecutor.executeMethod(MethodExecutor.java:39)
	at com.cognizant.cognizantits.engine.execution.run.TestStepRunner.executeAction(TestStepRunner.java:148)
	at com.cognizant.cognizantits.engine.execution.run.TestStepRunner.executeStep(TestStepRunner.java:144)
	at com.cognizant.cognizantits.engine.execution.run.TestStepRunner.executeStep(TestStepRunner.java:132)
	at com.cognizant.cognizantits.engine.execution.run.TestStepRunner.run(TestStepRunner.java:60)
	at com.cognizant.cognizantits.engine.execution.run.TestCaseRunner.runStep(TestCaseRunner.java:376)
	at com.cognizant.cognizantits.engine.execution.run.TestCaseRunner.run(TestCaseRunner.java:334)
	at com.cognizant.cognizantits.engine.core.Task.runIteration(Task.java:123)
	at com.cognizant.cognizantits.engine.core.Task.run(Task.java:79)
	at java.util.concurrent.ThreadPoolExecutor.runWorker(ThreadPoolExecutor.java:1149)
	at java.util.concurrent.ThreadPoolExecutor$Worker.run(ThreadPoolExecutor.java:624)
	at java.lang.Thread.run(Thread.java:748)

[FAIL]   | com.cognizant.cognizantits.engine.execution.exception.element.ElementException: Seems Like the Element [lastname] is Not Visible or hidden at the moment

===================================================================================================

2020-01-10 18:53:01:01S -0500 [INFO] org.openqa.selenium.remote.ErrorCodes toStatus:HTTP Status: '404' -> incorrect JSON status mapping for 'no such alert' (400 expected)
Step:6   | Object: Sex | Action: Click | Input:  | Conditon:  | @10-Jan-2020 18:53:13.013
Using @name [sex], Object 'Sex' Found in 43 ms
2020-01-10 18:53:14:01S -0500 [SEVERE] com.cognizant.cognizantits.engine.execution.run.TestCaseRunner onError:org.openqa.selenium.WebDriverException: element click intercepted: Element <input id="sex-0" name="sex" type="radio" value="Male"> is not clickable at point (80, 896). Other element would receive the click: <div id="cookie-law-info-bar" style="background-color: rgb(61, 130, 191); color: rgb(255, 255, 255); font-family: Verdana, Geneva; bottom: 0px; position: fixed; display: block;">...</div>
  (Session info: chrome=79.0.3945.79)
Build info: version: '3.4.0', revision: 'unknown', time: 'unknown'
System info: host: 'USMGX466H2', ip: '10.44.20.89', os.name: 'Windows 10', os.arch: 'amd64', os.version: '10.0', java.version: '1.8.0_231'
Driver info: org.openqa.selenium.remote.RemoteWebDriver
Capabilities [{networkConnectionEnabled=false, chrome={chromedriverVersion=79.0.3945.36 (3582db32b33893869b8c1339e8f4d9ed1816f143-refs/branch-heads/3945@{#614}), userDataDir=/tmp/.com.google.Chrome.x8gGn1}, timeouts={implicit=0.0, pageLoad=300000.0, script=30000.0}, pageLoadStrategy=normal, unhandledPromptBehavior=dismiss and notify, strictFileInteractability=false, platform=ANY, proxy=Proxy(), goog:chromeOptions={debuggerAddress=localhost:42201}, webdriver.remote.sessionid=aca25c16e18d1ac6a0873bf9c7fff091, acceptInsecureCerts=false, browserVersion=79.0.3945.79, browserName=chrome, javascriptEnabled=true, platformName=linux, setWindowRect=true}]
Session ID: aca25c16e18d1ac6a0873bf9c7fff091
org.openqa.selenium.WebDriverException: element click intercepted: Element <input id="sex-0" name="sex" type="radio" value="Male"> is not clickable at point (80, 896). Other element would receive the click: <div id="cookie-law-info-bar" style="background-color: rgb(61, 130, 191); color: rgb(255, 255, 255); font-family: Verdana, Geneva; bottom: 0px; position: fixed; display: block;">...</div>
  (Session info: chrome=79.0.3945.79)
Build info: version: '3.4.0', revision: 'unknown', time: 'unknown'
System info: host: 'USMGX466H2', ip: '10.44.20.89', os.name: 'Windows 10', os.arch: 'amd64', os.version: '10.0', java.version: '1.8.0_231'
Driver info: org.openqa.selenium.remote.RemoteWebDriver
Capabilities [{networkConnectionEnabled=false, chrome={chromedriverVersion=79.0.3945.36 (3582db32b33893869b8c1339e8f4d9ed1816f143-refs/branch-heads/3945@{#614}), userDataDir=/tmp/.com.google.Chrome.x8gGn1}, timeouts={implicit=0.0, pageLoad=300000.0, script=30000.0}, pageLoadStrategy=normal, unhandledPromptBehavior=dismiss and notify, strictFileInteractability=false, platform=ANY, proxy=Proxy(), goog:chromeOptions={debuggerAddress=localhost:42201}, webdriver.remote.sessionid=aca25c16e18d1ac6a0873bf9c7fff091, acceptInsecureCerts=false, browserVersion=79.0.3945.79, browserName=chrome, javascriptEnabled=true, platformName=linux, setWindowRect=true}]
Session ID: aca25c16e18d1ac6a0873bf9c7fff091
	at sun.reflect.NativeConstructorAccessorImpl.newInstance0(Native Method)
	at sun.reflect.NativeConstructorAccessorImpl.newInstance(NativeConstructorAccessorImpl.java:62)
	at sun.reflect.DelegatingConstructorAccessorImpl.newInstance(DelegatingConstructorAccessorImpl.java:45)
	at java.lang.reflect.Constructor.newInstance(Constructor.java:423)
	at org.openqa.selenium.remote.http.W3CHttpResponseCodec.createException(W3CHttpResponseCodec.java:150)
	at org.openqa.selenium.remote.http.W3CHttpResponseCodec.decode(W3CHttpResponseCodec.java:115)
	at org.openqa.selenium.remote.http.W3CHttpResponseCodec.decode(W3CHttpResponseCodec.java:45)
	at org.openqa.selenium.remote.HttpCommandExecutor.execute(HttpCommandExecutor.java:164)
	at org.openqa.selenium.remote.RemoteWebDriver.execute(RemoteWebDriver.java:637)
	at org.openqa.selenium.remote.RemoteWebElement.execute(RemoteWebElement.java:272)
	at org.openqa.selenium.remote.RemoteWebElement.click(RemoteWebElement.java:82)
	at com.cognizant.cognizantits.engine.commands.Basic.Click(Basic.java:46)
	at com.cognizant.cognizantits.engine.support.reflect.MethodExecutor.executeMethod(MethodExecutor.java:39)
	at com.cognizant.cognizantits.engine.execution.run.TestStepRunner.executeAction(TestStepRunner.java:148)
	at com.cognizant.cognizantits.engine.execution.run.TestStepRunner.executeStep(TestStepRunner.java:144)
	at com.cognizant.cognizantits.engine.execution.run.TestStepRunner.executeStep(TestStepRunner.java:132)
	at com.cognizant.cognizantits.engine.execution.run.TestStepRunner.run(TestStepRunner.java:60)
	at com.cognizant.cognizantits.engine.execution.run.TestCaseRunner.runStep(TestCaseRunner.java:376)
	at com.cognizant.cognizantits.engine.execution.run.TestCaseRunner.run(TestCaseRunner.java:334)
	at com.cognizant.cognizantits.engine.core.Task.runIteration(Task.java:123)
	at com.cognizant.cognizantits.engine.core.Task.run(Task.java:79)
	at java.util.concurrent.ThreadPoolExecutor.runWorker(ThreadPoolExecutor.java:1149)
	at java.util.concurrent.ThreadPoolExecutor$Worker.run(ThreadPoolExecutor.java:624)
	at java.lang.Thread.run(Thread.java:748)

[FAIL]   | org.openqa.selenium.WebDriverException: element click intercepted: Element <input id="sex-0" name="sex" type="radio" value="Male"> is not clickable at point (80, 896). Other element would receive the click: <div id="cookie-law-info-bar" style="background-color: rgb(61, 130, 191); color: rgb(255, 255, 255); font-family: Verdana, Geneva; bottom: 0px; position: fixed; display: block;">...</div>
  (Session info: chrome=79.0.3945.79)
Build info: version: '3.4.0', revision: 'unknown', time: 'unknown'
System info: host: 'USMGX466H2', ip: '10.44.20.89', os.name: 'Windows 10', os.arch: 'amd64', os.version: '10.0', java.version: '1.8.0_231'
Driver info: org.openqa.selenium.remote.RemoteWebDriver
Capabilities [{networkConnectionEnabled=false, chrome={chromedriverVersion=79.0.3945.36 (3582db32b33893869b8c1339e8f4d9ed1816f143-refs/branch-heads/3945@{#614}), userDataDir=/tmp/.com.google.Chrome.x8gGn1}, timeouts={implicit=0.0, pageLoad=300000.0, script=30000.0}, pageLoadStrategy=normal, unhandledPromptBehavior=dismiss and notify, strictFileInteractability=false, platform=ANY, proxy=Proxy(), goog:chromeOptions={debuggerAddress=localhost:42201}, webdriver.remote.sessionid=aca25c16e18d1ac6a0873bf9c7fff091, acceptInsecureCerts=false, browserVersion=79.0.3945.79, browserName=chrome, javascriptEnabled=true, platformName=linux, setWindowRect=true}]
Session ID: aca25c16e18d1ac6a0873bf9c7fff091

===================================================================================================

2020-01-10 18:53:15:01S -0500 [INFO] org.openqa.selenium.remote.ErrorCodes toStatus:HTTP Status: '404' -> incorrect JSON status mapping for 'no such alert' (400 expected)
Step:7   | Object: Years of Experience | Action: Click | Input:  | Conditon:  | @10-Jan-2020 18:53:24.024
Using @name [exp], Object 'Years of Experience' Found in 35 ms
2020-01-10 18:53:25:01S -0500 [SEVERE] com.cognizant.cognizantits.engine.execution.run.TestCaseRunner onError:org.openqa.selenium.WebDriverException: element click intercepted: Element <input id="exp-0" name="exp" type="radio" value="1"> is not clickable at point (204, 896). Other element would receive the click: <div id="cookie-law-info-bar" style="background-color: rgb(61, 130, 191); color: rgb(255, 255, 255); font-family: Verdana, Geneva; bottom: 0px; position: fixed; display: block;">...</div>
  (Session info: chrome=79.0.3945.79)
Build info: version: '3.4.0', revision: 'unknown', time: 'unknown'
System info: host: 'USMGX466H2', ip: '10.44.20.89', os.name: 'Windows 10', os.arch: 'amd64', os.version: '10.0', java.version: '1.8.0_231'
Driver info: org.openqa.selenium.remote.RemoteWebDriver
Capabilities [{networkConnectionEnabled=false, chrome={chromedriverVersion=79.0.3945.36 (3582db32b33893869b8c1339e8f4d9ed1816f143-refs/branch-heads/3945@{#614}), userDataDir=/tmp/.com.google.Chrome.x8gGn1}, timeouts={implicit=0.0, pageLoad=300000.0, script=30000.0}, pageLoadStrategy=normal, unhandledPromptBehavior=dismiss and notify, strictFileInteractability=false, platform=ANY, proxy=Proxy(), goog:chromeOptions={debuggerAddress=localhost:42201}, webdriver.remote.sessionid=aca25c16e18d1ac6a0873bf9c7fff091, acceptInsecureCerts=false, browserVersion=79.0.3945.79, browserName=chrome, javascriptEnabled=true, platformName=linux, setWindowRect=true}]
Session ID: aca25c16e18d1ac6a0873bf9c7fff091
org.openqa.selenium.WebDriverException: element click intercepted: Element <input id="exp-0" name="exp" type="radio" value="1"> is not clickable at point (204, 896). Other element would receive the click: <div id="cookie-law-info-bar" style="background-color: rgb(61, 130, 191); color: rgb(255, 255, 255); font-family: Verdana, Geneva; bottom: 0px; position: fixed; display: block;">...</div>
  (Session info: chrome=79.0.3945.79)
Build info: version: '3.4.0', revision: 'unknown', time: 'unknown'
System info: host: 'USMGX466H2', ip: '10.44.20.89', os.name: 'Windows 10', os.arch: 'amd64', os.version: '10.0', java.version: '1.8.0_231'
Driver info: org.openqa.selenium.remote.RemoteWebDriver
Capabilities [{networkConnectionEnabled=false, chrome={chromedriverVersion=79.0.3945.36 (3582db32b33893869b8c1339e8f4d9ed1816f143-refs/branch-heads/3945@{#614}), userDataDir=/tmp/.com.google.Chrome.x8gGn1}, timeouts={implicit=0.0, pageLoad=300000.0, script=30000.0}, pageLoadStrategy=normal, unhandledPromptBehavior=dismiss and notify, strictFileInteractability=false, platform=ANY, proxy=Proxy(), goog:chromeOptions={debuggerAddress=localhost:42201}, webdriver.remote.sessionid=aca25c16e18d1ac6a0873bf9c7fff091, acceptInsecureCerts=false, browserVersion=79.0.3945.79, browserName=chrome, javascriptEnabled=true, platformName=linux, setWindowRect=true}]
Session ID: aca25c16e18d1ac6a0873bf9c7fff091
	at sun.reflect.NativeConstructorAccessorImpl.newInstance0(Native Method)
	at sun.reflect.NativeConstructorAccessorImpl.newInstance(NativeConstructorAccessorImpl.java:62)
	at sun.reflect.DelegatingConstructorAccessorImpl.newInstance(DelegatingConstructorAccessorImpl.java:45)
	at java.lang.reflect.Constructor.newInstance(Constructor.java:423)
	at org.openqa.selenium.remote.http.W3CHttpResponseCodec.createException(W3CHttpResponseCodec.java:150)
	at org.openqa.selenium.remote.http.W3CHttpResponseCodec.decode(W3CHttpResponseCodec.java:115)
	at org.openqa.selenium.remote.http.W3CHttpResponseCodec.decode(W3CHttpResponseCodec.java:45)
	at org.openqa.selenium.remote.HttpCommandExecutor.execute(HttpCommandExecutor.java:164)
	at org.openqa.selenium.remote.RemoteWebDriver.execute(RemoteWebDriver.java:637)
	at org.openqa.selenium.remote.RemoteWebElement.execute(RemoteWebElement.java:272)
	at org.openqa.selenium.remote.RemoteWebElement.click(RemoteWebElement.java:82)
	at com.cognizant.cognizantits.engine.commands.Basic.Click(Basic.java:46)
	at com.cognizant.cognizantits.engine.support.reflect.MethodExecutor.executeMethod(MethodExecutor.java:39)
	at com.cognizant.cognizantits.engine.execution.run.TestStepRunner.executeAction(TestStepRunner.java:148)
	at com.cognizant.cognizantits.engine.execution.run.TestStepRunner.executeStep(TestStepRunner.java:144)
	at com.cognizant.cognizantits.engine.execution.run.TestStepRunner.executeStep(TestStepRunner.java:132)
	at com.cognizant.cognizantits.engine.execution.run.TestStepRunner.run(TestStepRunner.java:60)
	at com.cognizant.cognizantits.engine.execution.run.TestCaseRunner.runStep(TestCaseRunner.java:376)
	at com.cognizant.cognizantits.engine.execution.run.TestCaseRunner.run(TestCaseRunner.java:334)
	at com.cognizant.cognizantits.engine.core.Task.runIteration(Task.java:123)
	at com.cognizant.cognizantits.engine.core.Task.run(Task.java:79)
	at java.util.concurrent.ThreadPoolExecutor.runWorker(ThreadPoolExecutor.java:1149)
	at java.util.concurrent.ThreadPoolExecutor$Worker.run(ThreadPoolExecutor.java:624)
	at java.lang.Thread.run(Thread.java:748)

[FAIL]   | org.openqa.selenium.WebDriverException: element click intercepted: Element <input id="exp-0" name="exp" type="radio" value="1"> is not clickable at point (204, 896). Other element would receive the click: <div id="cookie-law-info-bar" style="background-color: rgb(61, 130, 191); color: rgb(255, 255, 255); font-family: Verdana, Geneva; bottom: 0px; position: fixed; display: block;">...</div>
  (Session info: chrome=79.0.3945.79)
Build info: version: '3.4.0', revision: 'unknown', time: 'unknown'
System info: host: 'USMGX466H2', ip: '10.44.20.89', os.name: 'Windows 10', os.arch: 'amd64', os.version: '10.0', java.version: '1.8.0_231'
Driver info: org.openqa.selenium.remote.RemoteWebDriver
Capabilities [{networkConnectionEnabled=false, chrome={chromedriverVersion=79.0.3945.36 (3582db32b33893869b8c1339e8f4d9ed1816f143-refs/branch-heads/3945@{#614}), userDataDir=/tmp/.com.google.Chrome.x8gGn1}, timeouts={implicit=0.0, pageLoad=300000.0, script=30000.0}, pageLoadStrategy=normal, unhandledPromptBehavior=dismiss and notify, strictFileInteractability=false, platform=ANY, proxy=Proxy(), goog:chromeOptions={debuggerAddress=localhost:42201}, webdriver.remote.sessionid=aca25c16e18d1ac6a0873bf9c7fff091, acceptInsecureCerts=false, browserVersion=79.0.3945.79, browserName=chrome, javascriptEnabled=true, platformName=linux, setWindowRect=true}]
Session ID: aca25c16e18d1ac6a0873bf9c7fff091

===================================================================================================

2020-01-10 18:53:25:01S -0500 [INFO] org.openqa.selenium.remote.ErrorCodes toStatus:HTTP Status: '404' -> incorrect JSON status mapping for 'no such alert' (400 expected)
Step:8   | Object: datepicker | Action: Click | Input:  | Conditon:  | @10-Jan-2020 18:54:02.002
Using @id [datepicker], Object 'datepicker' Found in 54 ms
2020-01-10 18:54:03:01S -0500 [SEVERE] com.cognizant.cognizantits.engine.execution.run.TestCaseRunner onError:org.openqa.selenium.WebDriverException: element click intercepted: Element <input id="datepicker" type="text"> is not clickable at point (185, 884). Other element would receive the click: <div id="cookie-law-info-bar" style="background-color: rgb(61, 130, 191); color: rgb(255, 255, 255); font-family: Verdana, Geneva; bottom: 0px; position: fixed; display: block;">...</div>
  (Session info: chrome=79.0.3945.79)
Build info: version: '3.4.0', revision: 'unknown', time: 'unknown'
System info: host: 'USMGX466H2', ip: '10.44.20.89', os.name: 'Windows 10', os.arch: 'amd64', os.version: '10.0', java.version: '1.8.0_231'
Driver info: org.openqa.selenium.remote.RemoteWebDriver
Capabilities [{networkConnectionEnabled=false, chrome={chromedriverVersion=79.0.3945.36 (3582db32b33893869b8c1339e8f4d9ed1816f143-refs/branch-heads/3945@{#614}), userDataDir=/tmp/.com.google.Chrome.x8gGn1}, timeouts={implicit=0.0, pageLoad=300000.0, script=30000.0}, pageLoadStrategy=normal, unhandledPromptBehavior=dismiss and notify, strictFileInteractability=false, platform=ANY, proxy=Proxy(), goog:chromeOptions={debuggerAddress=localhost:42201}, webdriver.remote.sessionid=aca25c16e18d1ac6a0873bf9c7fff091, acceptInsecureCerts=false, browserVersion=79.0.3945.79, browserName=chrome, javascriptEnabled=true, platformName=linux, setWindowRect=true}]
Session ID: aca25c16e18d1ac6a0873bf9c7fff091
org.openqa.selenium.WebDriverException: element click intercepted: Element <input id="datepicker" type="text"> is not clickable at point (185, 884). Other element would receive the click: <div id="cookie-law-info-bar" style="background-color: rgb(61, 130, 191); color: rgb(255, 255, 255); font-family: Verdana, Geneva; bottom: 0px; position: fixed; display: block;">...</div>
  (Session info: chrome=79.0.3945.79)
Build info: version: '3.4.0', revision: 'unknown', time: 'unknown'
System info: host: 'USMGX466H2', ip: '10.44.20.89', os.name: 'Windows 10', os.arch: 'amd64', os.version: '10.0', java.version: '1.8.0_231'
Driver info: org.openqa.selenium.remote.RemoteWebDriver
Capabilities [{networkConnectionEnabled=false, chrome={chromedriverVersion=79.0.3945.36 (3582db32b33893869b8c1339e8f4d9ed1816f143-refs/branch-heads/3945@{#614}), userDataDir=/tmp/.com.google.Chrome.x8gGn1}, timeouts={implicit=0.0, pageLoad=300000.0, script=30000.0}, pageLoadStrategy=normal, unhandledPromptBehavior=dismiss and notify, strictFileInteractability=false, platform=ANY, proxy=Proxy(), goog:chromeOptions={debuggerAddress=localhost:42201}, webdriver.remote.sessionid=aca25c16e18d1ac6a0873bf9c7fff091, acceptInsecureCerts=false, browserVersion=79.0.3945.79, browserName=chrome, javascriptEnabled=true, platformName=linux, setWindowRect=true}]
Session ID: aca25c16e18d1ac6a0873bf9c7fff091
	at sun.reflect.NativeConstructorAccessorImpl.newInstance0(Native Method)
	at sun.reflect.NativeConstructorAccessorImpl.newInstance(NativeConstructorAccessorImpl.java:62)
	at sun.reflect.DelegatingConstructorAccessorImpl.newInstance(DelegatingConstructorAccessorImpl.java:45)
	at java.lang.reflect.Constructor.newInstance(Constructor.java:423)
	at org.openqa.selenium.remote.http.W3CHttpResponseCodec.createException(W3CHttpResponseCodec.java:150)
	at org.openqa.selenium.remote.http.W3CHttpResponseCodec.decode(W3CHttpResponseCodec.java:115)
	at org.openqa.selenium.remote.http.W3CHttpResponseCodec.decode(W3CHttpResponseCodec.java:45)
	at org.openqa.selenium.remote.HttpCommandExecutor.execute(HttpCommandExecutor.java:164)
	at org.openqa.selenium.remote.RemoteWebDriver.execute(RemoteWebDriver.java:637)
	at org.openqa.selenium.remote.RemoteWebElement.execute(RemoteWebElement.java:272)
	at org.openqa.selenium.remote.RemoteWebElement.click(RemoteWebElement.java:82)
	at com.cognizant.cognizantits.engine.commands.Basic.Click(Basic.java:46)
	at com.cognizant.cognizantits.engine.support.reflect.MethodExecutor.executeMethod(MethodExecutor.java:39)
	at com.cognizant.cognizantits.engine.execution.run.TestStepRunner.executeAction(TestStepRunner.java:148)
	at com.cognizant.cognizantits.engine.execution.run.TestStepRunner.executeStep(TestStepRunner.java:144)
	at com.cognizant.cognizantits.engine.execution.run.TestStepRunner.executeStep(TestStepRunner.java:132)
	at com.cognizant.cognizantits.engine.execution.run.TestStepRunner.run(TestStepRunner.java:60)
	at com.cognizant.cognizantits.engine.execution.run.TestCaseRunner.runStep(TestCaseRunner.java:376)
	at com.cognizant.cognizantits.engine.execution.run.TestCaseRunner.run(TestCaseRunner.java:334)
	at com.cognizant.cognizantits.engine.core.Task.runIteration(Task.java:123)
	at com.cognizant.cognizantits.engine.core.Task.run(Task.java:79)
	at java.util.concurrent.ThreadPoolExecutor.runWorker(ThreadPoolExecutor.java:1149)
	at java.util.concurrent.ThreadPoolExecutor$Worker.run(ThreadPoolExecutor.java:624)
	at java.lang.Thread.run(Thread.java:748)

[FAIL]   | org.openqa.selenium.WebDriverException: element click intercepted: Element <input id="datepicker" type="text"> is not clickable at point (185, 884). Other element would receive the click: <div id="cookie-law-info-bar" style="background-color: rgb(61, 130, 191); color: rgb(255, 255, 255); font-family: Verdana, Geneva; bottom: 0px; position: fixed; display: block;">...</div>
  (Session info: chrome=79.0.3945.79)
Build info: version: '3.4.0', revision: 'unknown', time: 'unknown'
System info: host: 'USMGX466H2', ip: '10.44.20.89', os.name: 'Windows 10', os.arch: 'amd64', os.version: '10.0', java.version: '1.8.0_231'
Driver info: org.openqa.selenium.remote.RemoteWebDriver
Capabilities [{networkConnectionEnabled=false, chrome={chromedriverVersion=79.0.3945.36 (3582db32b33893869b8c1339e8f4d9ed1816f143-refs/branch-heads/3945@{#614}), userDataDir=/tmp/.com.google.Chrome.x8gGn1}, timeouts={implicit=0.0, pageLoad=300000.0, script=30000.0}, pageLoadStrategy=normal, unhandledPromptBehavior=dismiss and notify, strictFileInteractability=false, platform=ANY, proxy=Proxy(), goog:chromeOptions={debuggerAddress=localhost:42201}, webdriver.remote.sessionid=aca25c16e18d1ac6a0873bf9c7fff091, acceptInsecureCerts=false, browserVersion=79.0.3945.79, browserName=chrome, javascriptEnabled=true, platformName=linux, setWindowRect=true}]
Session ID: aca25c16e18d1ac6a0873bf9c7fff091

===================================================================================================

2020-01-10 18:54:03:01S -0500 [INFO] org.openqa.selenium.remote.ErrorCodes toStatus:HTTP Status: '404' -> incorrect JSON status mapping for 'no such alert' (400 expected)
Step:9   | Object: datepicker | Action: Set | Input: Iterations:Date | Conditon: End Param | @10-Jan-2020 18:54:18.018
Using @id [datepicker], Object 'datepicker' Found in 31 ms
[DONE]   | Entered Text '01/01/2017' on 'datepicker'

===================================================================================================

Step:3   | Object: firstname | Action: Set | Input: Iterations:FirstName | Conditon: Start Param | @10-Jan-2020 18:54:19.019
Using @name [firstname], Object 'firstname' Found in 34 ms
[DONE]   | Entered Text 'Cognizant2' on 'firstname'

===================================================================================================

Step:4   | Object: lastname | Action: Click | Input:  | Conditon:  | @10-Jan-2020 18:54:19.019
Using @type [input], Object 'lastname' Found in 146 ms
2020-01-10 18:54:19:01S -0500 [SEVERE] com.cognizant.cognizantits.engine.execution.run.TestCaseRunner onError:com.cognizant.cognizantits.engine.execution.exception.element.ElementException: Seems Like the Element [lastname] is Not Visible or hidden at the moment
com.cognizant.cognizantits.engine.execution.exception.element.ElementException: Seems Like the Element [lastname] is Not Visible or hidden at the moment
	at com.cognizant.cognizantits.engine.commands.General.elementEnabled(General.java:64)
	at com.cognizant.cognizantits.engine.commands.Basic.Click(Basic.java:45)
	at com.cognizant.cognizantits.engine.support.reflect.MethodExecutor.executeMethod(MethodExecutor.java:39)
	at com.cognizant.cognizantits.engine.execution.run.TestStepRunner.executeAction(TestStepRunner.java:148)
	at com.cognizant.cognizantits.engine.execution.run.TestStepRunner.executeStep(TestStepRunner.java:144)
	at com.cognizant.cognizantits.engine.execution.run.TestStepRunner.executeStep(TestStepRunner.java:132)
	at com.cognizant.cognizantits.engine.execution.run.TestStepRunner.run(TestStepRunner.java:60)
	at com.cognizant.cognizantits.engine.execution.run.TestCaseRunner.runStep(TestCaseRunner.java:376)
	at com.cognizant.cognizantits.engine.execution.run.TestCaseRunner.run(TestCaseRunner.java:334)
	at com.cognizant.cognizantits.engine.core.Task.runIteration(Task.java:123)
	at com.cognizant.cognizantits.engine.core.Task.run(Task.java:79)
	at java.util.concurrent.ThreadPoolExecutor.runWorker(ThreadPoolExecutor.java:1149)
	at java.util.concurrent.ThreadPoolExecutor$Worker.run(ThreadPoolExecutor.java:624)
	at java.lang.Thread.run(Thread.java:748)

[FAIL]   | com.cognizant.cognizantits.engine.execution.exception.element.ElementException: Seems Like the Element [lastname] is Not Visible or hidden at the moment

===================================================================================================

2020-01-10 18:54:19:01S -0500 [INFO] org.openqa.selenium.remote.ErrorCodes toStatus:HTTP Status: '404' -> incorrect JSON status mapping for 'no such alert' (400 expected)
Step:5   | Object: lastname | Action: Set | Input: Iterations:LastName | Conditon:  | @10-Jan-2020 18:54:45.045
Using @type [input], Object 'lastname' Found in 135 ms
2020-01-10 18:54:45:01S -0500 [SEVERE] com.cognizant.cognizantits.engine.execution.run.TestCaseRunner onError:com.cognizant.cognizantits.engine.execution.exception.element.ElementException: Seems Like the Element [lastname] is Not Visible or hidden at the moment
com.cognizant.cognizantits.engine.execution.exception.element.ElementException: Seems Like the Element [lastname] is Not Visible or hidden at the moment
	at com.cognizant.cognizantits.engine.commands.General.elementEnabled(General.java:64)
	at com.cognizant.cognizantits.engine.commands.Basic.Set(Basic.java:97)
	at com.cognizant.cognizantits.engine.support.reflect.MethodExecutor.executeMethod(MethodExecutor.java:39)
	at com.cognizant.cognizantits.engine.execution.run.TestStepRunner.executeAction(TestStepRunner.java:148)
	at com.cognizant.cognizantits.engine.execution.run.TestStepRunner.executeStep(TestStepRunner.java:144)
	at com.cognizant.cognizantits.engine.execution.run.TestStepRunner.executeStep(TestStepRunner.java:132)
	at com.cognizant.cognizantits.engine.execution.run.TestStepRunner.run(TestStepRunner.java:60)
	at com.cognizant.cognizantits.engine.execution.run.TestCaseRunner.runStep(TestCaseRunner.java:376)
	at com.cognizant.cognizantits.engine.execution.run.TestCaseRunner.run(TestCaseRunner.java:334)
	at com.cognizant.cognizantits.engine.core.Task.runIteration(Task.java:123)
	at com.cognizant.cognizantits.engine.core.Task.run(Task.java:79)
	at java.util.concurrent.ThreadPoolExecutor.runWorker(ThreadPoolExecutor.java:1149)
	at java.util.concurrent.ThreadPoolExecutor$Worker.run(ThreadPoolExecutor.java:624)
	at java.lang.Thread.run(Thread.java:748)

[FAIL]   | com.cognizant.cognizantits.engine.execution.exception.element.ElementException: Seems Like the Element [lastname] is Not Visible or hidden at the moment

===================================================================================================

2020-01-10 18:54:45:01S -0500 [INFO] org.openqa.selenium.remote.ErrorCodes toStatus:HTTP Status: '404' -> incorrect JSON status mapping for 'no such alert' (400 expected)
Step:6   | Object: Sex | Action: Click | Input:  | Conditon:  | @10-Jan-2020 18:54:54.054
Using @name [sex], Object 'Sex' Found in 31 ms
2020-01-10 18:54:55:01S -0500 [SEVERE] com.cognizant.cognizantits.engine.execution.run.TestCaseRunner onError:org.openqa.selenium.WebDriverException: element click intercepted: Element <input id="sex-0" name="sex" type="radio" value="Male"> is not clickable at point (80, 896). Other element would receive the click: <div id="cookie-law-info-bar" style="background-color: rgb(61, 130, 191); color: rgb(255, 255, 255); font-family: Verdana, Geneva; bottom: 0px; position: fixed; display: block;">...</div>
  (Session info: chrome=79.0.3945.79)
Build info: version: '3.4.0', revision: 'unknown', time: 'unknown'
System info: host: 'USMGX466H2', ip: '10.44.20.89', os.name: 'Windows 10', os.arch: 'amd64', os.version: '10.0', java.version: '1.8.0_231'
Driver info: org.openqa.selenium.remote.RemoteWebDriver
Capabilities [{networkConnectionEnabled=false, chrome={chromedriverVersion=79.0.3945.36 (3582db32b33893869b8c1339e8f4d9ed1816f143-refs/branch-heads/3945@{#614}), userDataDir=/tmp/.com.google.Chrome.x8gGn1}, timeouts={implicit=0.0, pageLoad=300000.0, script=30000.0}, pageLoadStrategy=normal, unhandledPromptBehavior=dismiss and notify, strictFileInteractability=false, platform=ANY, proxy=Proxy(), goog:chromeOptions={debuggerAddress=localhost:42201}, webdriver.remote.sessionid=aca25c16e18d1ac6a0873bf9c7fff091, acceptInsecureCerts=false, browserVersion=79.0.3945.79, browserName=chrome, javascriptEnabled=true, platformName=linux, setWindowRect=true}]
Session ID: aca25c16e18d1ac6a0873bf9c7fff091
org.openqa.selenium.WebDriverException: element click intercepted: Element <input id="sex-0" name="sex" type="radio" value="Male"> is not clickable at point (80, 896). Other element would receive the click: <div id="cookie-law-info-bar" style="background-color: rgb(61, 130, 191); color: rgb(255, 255, 255); font-family: Verdana, Geneva; bottom: 0px; position: fixed; display: block;">...</div>
  (Session info: chrome=79.0.3945.79)
Build info: version: '3.4.0', revision: 'unknown', time: 'unknown'
System info: host: 'USMGX466H2', ip: '10.44.20.89', os.name: 'Windows 10', os.arch: 'amd64', os.version: '10.0', java.version: '1.8.0_231'
Driver info: org.openqa.selenium.remote.RemoteWebDriver
Capabilities [{networkConnectionEnabled=false, chrome={chromedriverVersion=79.0.3945.36 (3582db32b33893869b8c1339e8f4d9ed1816f143-refs/branch-heads/3945@{#614}), userDataDir=/tmp/.com.google.Chrome.x8gGn1}, timeouts={implicit=0.0, pageLoad=300000.0, script=30000.0}, pageLoadStrategy=normal, unhandledPromptBehavior=dismiss and notify, strictFileInteractability=false, platform=ANY, proxy=Proxy(), goog:chromeOptions={debuggerAddress=localhost:42201}, webdriver.remote.sessionid=aca25c16e18d1ac6a0873bf9c7fff091, acceptInsecureCerts=false, browserVersion=79.0.3945.79, browserName=chrome, javascriptEnabled=true, platformName=linux, setWindowRect=true}]
Session ID: aca25c16e18d1ac6a0873bf9c7fff091
	at sun.reflect.NativeConstructorAccessorImpl.newInstance0(Native Method)
	at sun.reflect.NativeConstructorAccessorImpl.newInstance(NativeConstructorAccessorImpl.java:62)
	at sun.reflect.DelegatingConstructorAccessorImpl.newInstance(DelegatingConstructorAccessorImpl.java:45)
	at java.lang.reflect.Constructor.newInstance(Constructor.java:423)
	at org.openqa.selenium.remote.http.W3CHttpResponseCodec.createException(W3CHttpResponseCodec.java:150)
	at org.openqa.selenium.remote.http.W3CHttpResponseCodec.decode(W3CHttpResponseCodec.java:115)
	at org.openqa.selenium.remote.http.W3CHttpResponseCodec.decode(W3CHttpResponseCodec.java:45)
	at org.openqa.selenium.remote.HttpCommandExecutor.execute(HttpCommandExecutor.java:164)
	at org.openqa.selenium.remote.RemoteWebDriver.execute(RemoteWebDriver.java:637)
	at org.openqa.selenium.remote.RemoteWebElement.execute(RemoteWebElement.java:272)
	at org.openqa.selenium.remote.RemoteWebElement.click(RemoteWebElement.java:82)
	at com.cognizant.cognizantits.engine.commands.Basic.Click(Basic.java:46)
	at com.cognizant.cognizantits.engine.support.reflect.MethodExecutor.executeMethod(MethodExecutor.java:39)
	at com.cognizant.cognizantits.engine.execution.run.TestStepRunner.executeAction(TestStepRunner.java:148)
	at com.cognizant.cognizantits.engine.execution.run.TestStepRunner.executeStep(TestStepRunner.java:144)
	at com.cognizant.cognizantits.engine.execution.run.TestStepRunner.executeStep(TestStepRunner.java:132)
	at com.cognizant.cognizantits.engine.execution.run.TestStepRunner.run(TestStepRunner.java:60)
	at com.cognizant.cognizantits.engine.execution.run.TestCaseRunner.runStep(TestCaseRunner.java:376)
	at com.cognizant.cognizantits.engine.execution.run.TestCaseRunner.run(TestCaseRunner.java:334)
	at com.cognizant.cognizantits.engine.core.Task.runIteration(Task.java:123)
	at com.cognizant.cognizantits.engine.core.Task.run(Task.java:79)
	at java.util.concurrent.ThreadPoolExecutor.runWorker(ThreadPoolExecutor.java:1149)
	at java.util.concurrent.ThreadPoolExecutor$Worker.run(ThreadPoolExecutor.java:624)
	at java.lang.Thread.run(Thread.java:748)

[FAIL]   | org.openqa.selenium.WebDriverException: element click intercepted: Element <input id="sex-0" name="sex" type="radio" value="Male"> is not clickable at point (80, 896). Other element would receive the click: <div id="cookie-law-info-bar" style="background-color: rgb(61, 130, 191); color: rgb(255, 255, 255); font-family: Verdana, Geneva; bottom: 0px; position: fixed; display: block;">...</div>
  (Session info: chrome=79.0.3945.79)
Build info: version: '3.4.0', revision: 'unknown', time: 'unknown'
System info: host: 'USMGX466H2', ip: '10.44.20.89', os.name: 'Windows 10', os.arch: 'amd64', os.version: '10.0', java.version: '1.8.0_231'
Driver info: org.openqa.selenium.remote.RemoteWebDriver
Capabilities [{networkConnectionEnabled=false, chrome={chromedriverVersion=79.0.3945.36 (3582db32b33893869b8c1339e8f4d9ed1816f143-refs/branch-heads/3945@{#614}), userDataDir=/tmp/.com.google.Chrome.x8gGn1}, timeouts={implicit=0.0, pageLoad=300000.0, script=30000.0}, pageLoadStrategy=normal, unhandledPromptBehavior=dismiss and notify, strictFileInteractability=false, platform=ANY, proxy=Proxy(), goog:chromeOptions={debuggerAddress=localhost:42201}, webdriver.remote.sessionid=aca25c16e18d1ac6a0873bf9c7fff091, acceptInsecureCerts=false, browserVersion=79.0.3945.79, browserName=chrome, javascriptEnabled=true, platformName=linux, setWindowRect=true}]
Session ID: aca25c16e18d1ac6a0873bf9c7fff091

===================================================================================================

2020-01-10 18:54:56:01S -0500 [INFO] org.openqa.selenium.remote.ErrorCodes toStatus:HTTP Status: '404' -> incorrect JSON status mapping for 'no such alert' (400 expected)
Step:7   | Object: Years of Experience | Action: Click | Input:  | Conditon:  | @10-Jan-2020 18:55:04.004
Using @name [exp], Object 'Years of Experience' Found in 27 ms
2020-01-10 18:55:06:01S -0500 [SEVERE] com.cognizant.cognizantits.engine.execution.run.TestCaseRunner onError:org.openqa.selenium.WebDriverException: element click intercepted: Element <input id="exp-0" name="exp" type="radio" value="1"> is not clickable at point (204, 896). Other element would receive the click: <div id="cookie-law-info-bar" style="background-color: rgb(61, 130, 191); color: rgb(255, 255, 255); font-family: Verdana, Geneva; bottom: 0px; position: fixed; display: block;">...</div>
  (Session info: chrome=79.0.3945.79)
Build info: version: '3.4.0', revision: 'unknown', time: 'unknown'
System info: host: 'USMGX466H2', ip: '10.44.20.89', os.name: 'Windows 10', os.arch: 'amd64', os.version: '10.0', java.version: '1.8.0_231'
Driver info: org.openqa.selenium.remote.RemoteWebDriver
Capabilities [{networkConnectionEnabled=false, chrome={chromedriverVersion=79.0.3945.36 (3582db32b33893869b8c1339e8f4d9ed1816f143-refs/branch-heads/3945@{#614}), userDataDir=/tmp/.com.google.Chrome.x8gGn1}, timeouts={implicit=0.0, pageLoad=300000.0, script=30000.0}, pageLoadStrategy=normal, unhandledPromptBehavior=dismiss and notify, strictFileInteractability=false, platform=ANY, proxy=Proxy(), goog:chromeOptions={debuggerAddress=localhost:42201}, webdriver.remote.sessionid=aca25c16e18d1ac6a0873bf9c7fff091, acceptInsecureCerts=false, browserVersion=79.0.3945.79, browserName=chrome, javascriptEnabled=true, platformName=linux, setWindowRect=true}]
Session ID: aca25c16e18d1ac6a0873bf9c7fff091
org.openqa.selenium.WebDriverException: element click intercepted: Element <input id="exp-0" name="exp" type="radio" value="1"> is not clickable at point (204, 896). Other element would receive the click: <div id="cookie-law-info-bar" style="background-color: rgb(61, 130, 191); color: rgb(255, 255, 255); font-family: Verdana, Geneva; bottom: 0px; position: fixed; display: block;">...</div>
  (Session info: chrome=79.0.3945.79)
Build info: version: '3.4.0', revision: 'unknown', time: 'unknown'
System info: host: 'USMGX466H2', ip: '10.44.20.89', os.name: 'Windows 10', os.arch: 'amd64', os.version: '10.0', java.version: '1.8.0_231'
Driver info: org.openqa.selenium.remote.RemoteWebDriver
Capabilities [{networkConnectionEnabled=false, chrome={chromedriverVersion=79.0.3945.36 (3582db32b33893869b8c1339e8f4d9ed1816f143-refs/branch-heads/3945@{#614}), userDataDir=/tmp/.com.google.Chrome.x8gGn1}, timeouts={implicit=0.0, pageLoad=300000.0, script=30000.0}, pageLoadStrategy=normal, unhandledPromptBehavior=dismiss and notify, strictFileInteractability=false, platform=ANY, proxy=Proxy(), goog:chromeOptions={debuggerAddress=localhost:42201}, webdriver.remote.sessionid=aca25c16e18d1ac6a0873bf9c7fff091, acceptInsecureCerts=false, browserVersion=79.0.3945.79, browserName=chrome, javascriptEnabled=true, platformName=linux, setWindowRect=true}]
Session ID: aca25c16e18d1ac6a0873bf9c7fff091
	at sun.reflect.NativeConstructorAccessorImpl.newInstance0(Native Method)
	at sun.reflect.NativeConstructorAccessorImpl.newInstance(NativeConstructorAccessorImpl.java:62)
	at sun.reflect.DelegatingConstructorAccessorImpl.newInstance(DelegatingConstructorAccessorImpl.java:45)
	at java.lang.reflect.Constructor.newInstance(Constructor.java:423)
	at org.openqa.selenium.remote.http.W3CHttpResponseCodec.createException(W3CHttpResponseCodec.java:150)
	at org.openqa.selenium.remote.http.W3CHttpResponseCodec.decode(W3CHttpResponseCodec.java:115)
	at org.openqa.selenium.remote.http.W3CHttpResponseCodec.decode(W3CHttpResponseCodec.java:45)
	at org.openqa.selenium.remote.HttpCommandExecutor.execute(HttpCommandExecutor.java:164)
	at org.openqa.selenium.remote.RemoteWebDriver.execute(RemoteWebDriver.java:637)
	at org.openqa.selenium.remote.RemoteWebElement.execute(RemoteWebElement.java:272)
	at org.openqa.selenium.remote.RemoteWebElement.click(RemoteWebElement.java:82)
	at com.cognizant.cognizantits.engine.commands.Basic.Click(Basic.java:46)
	at com.cognizant.cognizantits.engine.support.reflect.MethodExecutor.executeMethod(MethodExecutor.java:39)
	at com.cognizant.cognizantits.engine.execution.run.TestStepRunner.executeAction(TestStepRunner.java:148)
	at com.cognizant.cognizantits.engine.execution.run.TestStepRunner.executeStep(TestStepRunner.java:144)
	at com.cognizant.cognizantits.engine.execution.run.TestStepRunner.executeStep(TestStepRunner.java:132)
	at com.cognizant.cognizantits.engine.execution.run.TestStepRunner.run(TestStepRunner.java:60)
	at com.cognizant.cognizantits.engine.execution.run.TestCaseRunner.runStep(TestCaseRunner.java:376)
	at com.cognizant.cognizantits.engine.execution.run.TestCaseRunner.run(TestCaseRunner.java:334)
	at com.cognizant.cognizantits.engine.core.Task.runIteration(Task.java:123)
	at com.cognizant.cognizantits.engine.core.Task.run(Task.java:79)
	at java.util.concurrent.ThreadPoolExecutor.runWorker(ThreadPoolExecutor.java:1149)
	at java.util.concurrent.ThreadPoolExecutor$Worker.run(ThreadPoolExecutor.java:624)
	at java.lang.Thread.run(Thread.java:748)

[FAIL]   | org.openqa.selenium.WebDriverException: element click intercepted: Element <input id="exp-0" name="exp" type="radio" value="1"> is not clickable at point (204, 896). Other element would receive the click: <div id="cookie-law-info-bar" style="background-color: rgb(61, 130, 191); color: rgb(255, 255, 255); font-family: Verdana, Geneva; bottom: 0px; position: fixed; display: block;">...</div>
  (Session info: chrome=79.0.3945.79)
Build info: version: '3.4.0', revision: 'unknown', time: 'unknown'
System info: host: 'USMGX466H2', ip: '10.44.20.89', os.name: 'Windows 10', os.arch: 'amd64', os.version: '10.0', java.version: '1.8.0_231'
Driver info: org.openqa.selenium.remote.RemoteWebDriver
Capabilities [{networkConnectionEnabled=false, chrome={chromedriverVersion=79.0.3945.36 (3582db32b33893869b8c1339e8f4d9ed1816f143-refs/branch-heads/3945@{#614}), userDataDir=/tmp/.com.google.Chrome.x8gGn1}, timeouts={implicit=0.0, pageLoad=300000.0, script=30000.0}, pageLoadStrategy=normal, unhandledPromptBehavior=dismiss and notify, strictFileInteractability=false, platform=ANY, proxy=Proxy(), goog:chromeOptions={debuggerAddress=localhost:42201}, webdriver.remote.sessionid=aca25c16e18d1ac6a0873bf9c7fff091, acceptInsecureCerts=false, browserVersion=79.0.3945.79, browserName=chrome, javascriptEnabled=true, platformName=linux, setWindowRect=true}]
Session ID: aca25c16e18d1ac6a0873bf9c7fff091

===================================================================================================

2020-01-10 18:55:06:01S -0500 [INFO] org.openqa.selenium.remote.ErrorCodes toStatus:HTTP Status: '404' -> incorrect JSON status mapping for 'no such alert' (400 expected)
Step:8   | Object: datepicker | Action: Click | Input:  | Conditon:  | @10-Jan-2020 18:55:14.014
Using @id [datepicker], Object 'datepicker' Found in 48 ms
2020-01-10 18:55:16:01S -0500 [SEVERE] com.cognizant.cognizantits.engine.execution.run.TestCaseRunner onError:org.openqa.selenium.WebDriverException: element click intercepted: Element <input id="datepicker" type="text"> is not clickable at point (185, 884). Other element would receive the click: <div id="cookie-law-info-bar" style="background-color: rgb(61, 130, 191); color: rgb(255, 255, 255); font-family: Verdana, Geneva; bottom: 0px; position: fixed; display: block;">...</div>
  (Session info: chrome=79.0.3945.79)
Build info: version: '3.4.0', revision: 'unknown', time: 'unknown'
System info: host: 'USMGX466H2', ip: '10.44.20.89', os.name: 'Windows 10', os.arch: 'amd64', os.version: '10.0', java.version: '1.8.0_231'
Driver info: org.openqa.selenium.remote.RemoteWebDriver
Capabilities [{networkConnectionEnabled=false, chrome={chromedriverVersion=79.0.3945.36 (3582db32b33893869b8c1339e8f4d9ed1816f143-refs/branch-heads/3945@{#614}), userDataDir=/tmp/.com.google.Chrome.x8gGn1}, timeouts={implicit=0.0, pageLoad=300000.0, script=30000.0}, pageLoadStrategy=normal, unhandledPromptBehavior=dismiss and notify, strictFileInteractability=false, platform=ANY, proxy=Proxy(), goog:chromeOptions={debuggerAddress=localhost:42201}, webdriver.remote.sessionid=aca25c16e18d1ac6a0873bf9c7fff091, acceptInsecureCerts=false, browserVersion=79.0.3945.79, browserName=chrome, javascriptEnabled=true, platformName=linux, setWindowRect=true}]
Session ID: aca25c16e18d1ac6a0873bf9c7fff091
org.openqa.selenium.WebDriverException: element click intercepted: Element <input id="datepicker" type="text"> is not clickable at point (185, 884). Other element would receive the click: <div id="cookie-law-info-bar" style="background-color: rgb(61, 130, 191); color: rgb(255, 255, 255); font-family: Verdana, Geneva; bottom: 0px; position: fixed; display: block;">...</div>
  (Session info: chrome=79.0.3945.79)
Build info: version: '3.4.0', revision: 'unknown', time: 'unknown'
System info: host: 'USMGX466H2', ip: '10.44.20.89', os.name: 'Windows 10', os.arch: 'amd64', os.version: '10.0', java.version: '1.8.0_231'
Driver info: org.openqa.selenium.remote.RemoteWebDriver
Capabilities [{networkConnectionEnabled=false, chrome={chromedriverVersion=79.0.3945.36 (3582db32b33893869b8c1339e8f4d9ed1816f143-refs/branch-heads/3945@{#614}), userDataDir=/tmp/.com.google.Chrome.x8gGn1}, timeouts={implicit=0.0, pageLoad=300000.0, script=30000.0}, pageLoadStrategy=normal, unhandledPromptBehavior=dismiss and notify, strictFileInteractability=false, platform=ANY, proxy=Proxy(), goog:chromeOptions={debuggerAddress=localhost:42201}, webdriver.remote.sessionid=aca25c16e18d1ac6a0873bf9c7fff091, acceptInsecureCerts=false, browserVersion=79.0.3945.79, browserName=chrome, javascriptEnabled=true, platformName=linux, setWindowRect=true}]
Session ID: aca25c16e18d1ac6a0873bf9c7fff091
	at sun.reflect.NativeConstructorAccessorImpl.newInstance0(Native Method)
	at sun.reflect.NativeConstructorAccessorImpl.newInstance(NativeConstructorAccessorImpl.java:62)
	at sun.reflect.DelegatingConstructorAccessorImpl.newInstance(DelegatingConstructorAccessorImpl.java:45)
	at java.lang.reflect.Constructor.newInstance(Constructor.java:423)
	at org.openqa.selenium.remote.http.W3CHttpResponseCodec.createException(W3CHttpResponseCodec.java:150)
	at org.openqa.selenium.remote.http.W3CHttpResponseCodec.decode(W3CHttpResponseCodec.java:115)
	at org.openqa.selenium.remote.http.W3CHttpResponseCodec.decode(W3CHttpResponseCodec.java:45)
	at org.openqa.selenium.remote.HttpCommandExecutor.execute(HttpCommandExecutor.java:164)
	at org.openqa.selenium.remote.RemoteWebDriver.execute(RemoteWebDriver.java:637)
	at org.openqa.selenium.remote.RemoteWebElement.execute(RemoteWebElement.java:272)
	at org.openqa.selenium.remote.RemoteWebElement.click(RemoteWebElement.java:82)
	at com.cognizant.cognizantits.engine.commands.Basic.Click(Basic.java:46)
	at com.cognizant.cognizantits.engine.support.reflect.MethodExecutor.executeMethod(MethodExecutor.java:39)
	at com.cognizant.cognizantits.engine.execution.run.TestStepRunner.executeAction(TestStepRunner.java:148)
	at com.cognizant.cognizantits.engine.execution.run.TestStepRunner.executeStep(TestStepRunner.java:144)
	at com.cognizant.cognizantits.engine.execution.run.TestStepRunner.executeStep(TestStepRunner.java:132)
	at com.cognizant.cognizantits.engine.execution.run.TestStepRunner.run(TestStepRunner.java:60)
	at com.cognizant.cognizantits.engine.execution.run.TestCaseRunner.runStep(TestCaseRunner.java:376)
	at com.cognizant.cognizantits.engine.execution.run.TestCaseRunner.run(TestCaseRunner.java:334)
	at com.cognizant.cognizantits.engine.core.Task.runIteration(Task.java:123)
	at com.cognizant.cognizantits.engine.core.Task.run(Task.java:79)
	at java.util.concurrent.ThreadPoolExecutor.runWorker(ThreadPoolExecutor.java:1149)
	at java.util.concurrent.ThreadPoolExecutor$Worker.run(ThreadPoolExecutor.java:624)
	at java.lang.Thread.run(Thread.java:748)

[FAIL]   | org.openqa.selenium.WebDriverException: element click intercepted: Element <input id="datepicker" type="text"> is not clickable at point (185, 884). Other element would receive the click: <div id="cookie-law-info-bar" style="background-color: rgb(61, 130, 191); color: rgb(255, 255, 255); font-family: Verdana, Geneva; bottom: 0px; position: fixed; display: block;">...</div>
  (Session info: chrome=79.0.3945.79)
Build info: version: '3.4.0', revision: 'unknown', time: 'unknown'
System info: host: 'USMGX466H2', ip: '10.44.20.89', os.name: 'Windows 10', os.arch: 'amd64', os.version: '10.0', java.version: '1.8.0_231'
Driver info: org.openqa.selenium.remote.RemoteWebDriver
Capabilities [{networkConnectionEnabled=false, chrome={chromedriverVersion=79.0.3945.36 (3582db32b33893869b8c1339e8f4d9ed1816f143-refs/branch-heads/3945@{#614}), userDataDir=/tmp/.com.google.Chrome.x8gGn1}, timeouts={implicit=0.0, pageLoad=300000.0, script=30000.0}, pageLoadStrategy=normal, unhandledPromptBehavior=dismiss and notify, strictFileInteractability=false, platform=ANY, proxy=Proxy(), goog:chromeOptions={debuggerAddress=localhost:42201}, webdriver.remote.sessionid=aca25c16e18d1ac6a0873bf9c7fff091, acceptInsecureCerts=false, browserVersion=79.0.3945.79, browserName=chrome, javascriptEnabled=true, platformName=linux, setWindowRect=true}]
Session ID: aca25c16e18d1ac6a0873bf9c7fff091

===================================================================================================

2020-01-10 18:55:16:01S -0500 [INFO] org.openqa.selenium.remote.ErrorCodes toStatus:HTTP Status: '404' -> incorrect JSON status mapping for 'no such alert' (400 expected)
Step:9   | Object: datepicker | Action: Set | Input: Iterations:Date | Conditon: End Param | @10-Jan-2020 18:55:31.031
Using @id [datepicker], Object 'datepicker' Found in 31 ms
[DONE]   | Entered Text '02/01/2017' on 'datepicker'

===================================================================================================

Step:3   | Object: firstname | Action: Set | Input: Iterations:FirstName | Conditon: Start Param | @10-Jan-2020 18:55:32.032
Using @name [firstname], Object 'firstname' Found in 50 ms
[DONE]   | Entered Text 'Cognizant3' on 'firstname'

===================================================================================================

Step:4   | Object: lastname | Action: Click | Input:  | Conditon:  | @10-Jan-2020 18:55:32.032
Using @type [input], Object 'lastname' Found in 177 ms
2020-01-10 18:55:33:01S -0500 [SEVERE] com.cognizant.cognizantits.engine.execution.run.TestCaseRunner onError:com.cognizant.cognizantits.engine.execution.exception.element.ElementException: Seems Like the Element [lastname] is Not Visible or hidden at the moment
com.cognizant.cognizantits.engine.execution.exception.element.ElementException: Seems Like the Element [lastname] is Not Visible or hidden at the moment
	at com.cognizant.cognizantits.engine.commands.General.elementEnabled(General.java:64)
	at com.cognizant.cognizantits.engine.commands.Basic.Click(Basic.java:45)
	at com.cognizant.cognizantits.engine.support.reflect.MethodExecutor.executeMethod(MethodExecutor.java:39)
	at com.cognizant.cognizantits.engine.execution.run.TestStepRunner.executeAction(TestStepRunner.java:148)
	at com.cognizant.cognizantits.engine.execution.run.TestStepRunner.executeStep(TestStepRunner.java:144)
	at com.cognizant.cognizantits.engine.execution.run.TestStepRunner.executeStep(TestStepRunner.java:132)
	at com.cognizant.cognizantits.engine.execution.run.TestStepRunner.run(TestStepRunner.java:60)
	at com.cognizant.cognizantits.engine.execution.run.TestCaseRunner.runStep(TestCaseRunner.java:376)
	at com.cognizant.cognizantits.engine.execution.run.TestCaseRunner.run(TestCaseRunner.java:334)
	at com.cognizant.cognizantits.engine.core.Task.runIteration(Task.java:123)
	at com.cognizant.cognizantits.engine.core.Task.run(Task.java:79)
	at java.util.concurrent.ThreadPoolExecutor.runWorker(ThreadPoolExecutor.java:1149)
	at java.util.concurrent.ThreadPoolExecutor$Worker.run(ThreadPoolExecutor.java:624)
	at java.lang.Thread.run(Thread.java:748)

[FAIL]   | com.cognizant.cognizantits.engine.execution.exception.element.ElementException: Seems Like the Element [lastname] is Not Visible or hidden at the moment

===================================================================================================

2020-01-10 18:55:33:01S -0500 [INFO] org.openqa.selenium.remote.ErrorCodes toStatus:HTTP Status: '404' -> incorrect JSON status mapping for 'no such alert' (400 expected)
Step:5   | Object: lastname | Action: Set | Input: Iterations:LastName | Conditon:  | @10-Jan-2020 18:56:02.002
Using @type [input], Object 'lastname' Found in 174 ms
2020-01-10 18:56:02:01S -0500 [SEVERE] com.cognizant.cognizantits.engine.execution.run.TestCaseRunner onError:com.cognizant.cognizantits.engine.execution.exception.element.ElementException: Seems Like the Element [lastname] is Not Visible or hidden at the moment
com.cognizant.cognizantits.engine.execution.exception.element.ElementException: Seems Like the Element [lastname] is Not Visible or hidden at the moment
	at com.cognizant.cognizantits.engine.commands.General.elementEnabled(General.java:64)
	at com.cognizant.cognizantits.engine.commands.Basic.Set(Basic.java:97)
	at com.cognizant.cognizantits.engine.support.reflect.MethodExecutor.executeMethod(MethodExecutor.java:39)
	at com.cognizant.cognizantits.engine.execution.run.TestStepRunner.executeAction(TestStepRunner.java:148)
	at com.cognizant.cognizantits.engine.execution.run.TestStepRunner.executeStep(TestStepRunner.java:144)
	at com.cognizant.cognizantits.engine.execution.run.TestStepRunner.executeStep(TestStepRunner.java:132)
	at com.cognizant.cognizantits.engine.execution.run.TestStepRunner.run(TestStepRunner.java:60)
	at com.cognizant.cognizantits.engine.execution.run.TestCaseRunner.runStep(TestCaseRunner.java:376)
	at com.cognizant.cognizantits.engine.execution.run.TestCaseRunner.run(TestCaseRunner.java:334)
	at com.cognizant.cognizantits.engine.core.Task.runIteration(Task.java:123)
	at com.cognizant.cognizantits.engine.core.Task.run(Task.java:79)
	at java.util.concurrent.ThreadPoolExecutor.runWorker(ThreadPoolExecutor.java:1149)
	at java.util.concurrent.ThreadPoolExecutor$Worker.run(ThreadPoolExecutor.java:624)
	at java.lang.Thread.run(Thread.java:748)

[FAIL]   | com.cognizant.cognizantits.engine.execution.exception.element.ElementException: Seems Like the Element [lastname] is Not Visible or hidden at the moment

===================================================================================================

2020-01-10 18:56:02:01S -0500 [INFO] org.openqa.selenium.remote.ErrorCodes toStatus:HTTP Status: '404' -> incorrect JSON status mapping for 'no such alert' (400 expected)
Step:6   | Object: Sex | Action: Click | Input:  | Conditon:  | @10-Jan-2020 18:56:17.017
Using @name [sex], Object 'Sex' Found in 35 ms
2020-01-10 18:56:18:01S -0500 [SEVERE] com.cognizant.cognizantits.engine.execution.run.TestCaseRunner onError:org.openqa.selenium.WebDriverException: element click intercepted: Element <input id="sex-0" name="sex" type="radio" value="Male"> is not clickable at point (80, 896). Other element would receive the click: <div id="cookie-law-info-bar" style="background-color: rgb(61, 130, 191); color: rgb(255, 255, 255); font-family: Verdana, Geneva; bottom: 0px; position: fixed; display: block;">...</div>
  (Session info: chrome=79.0.3945.79)
Build info: version: '3.4.0', revision: 'unknown', time: 'unknown'
System info: host: 'USMGX466H2', ip: '10.44.20.89', os.name: 'Windows 10', os.arch: 'amd64', os.version: '10.0', java.version: '1.8.0_231'
Driver info: org.openqa.selenium.remote.RemoteWebDriver
Capabilities [{networkConnectionEnabled=false, chrome={chromedriverVersion=79.0.3945.36 (3582db32b33893869b8c1339e8f4d9ed1816f143-refs/branch-heads/3945@{#614}), userDataDir=/tmp/.com.google.Chrome.x8gGn1}, timeouts={implicit=0.0, pageLoad=300000.0, script=30000.0}, pageLoadStrategy=normal, unhandledPromptBehavior=dismiss and notify, strictFileInteractability=false, platform=ANY, proxy=Proxy(), goog:chromeOptions={debuggerAddress=localhost:42201}, webdriver.remote.sessionid=aca25c16e18d1ac6a0873bf9c7fff091, acceptInsecureCerts=false, browserVersion=79.0.3945.79, browserName=chrome, javascriptEnabled=true, platformName=linux, setWindowRect=true}]
Session ID: aca25c16e18d1ac6a0873bf9c7fff091
org.openqa.selenium.WebDriverException: element click intercepted: Element <input id="sex-0" name="sex" type="radio" value="Male"> is not clickable at point (80, 896). Other element would receive the click: <div id="cookie-law-info-bar" style="background-color: rgb(61, 130, 191); color: rgb(255, 255, 255); font-family: Verdana, Geneva; bottom: 0px; position: fixed; display: block;">...</div>
  (Session info: chrome=79.0.3945.79)
Build info: version: '3.4.0', revision: 'unknown', time: 'unknown'
System info: host: 'USMGX466H2', ip: '10.44.20.89', os.name: 'Windows 10', os.arch: 'amd64', os.version: '10.0', java.version: '1.8.0_231'
Driver info: org.openqa.selenium.remote.RemoteWebDriver
Capabilities [{networkConnectionEnabled=false, chrome={chromedriverVersion=79.0.3945.36 (3582db32b33893869b8c1339e8f4d9ed1816f143-refs/branch-heads/3945@{#614}), userDataDir=/tmp/.com.google.Chrome.x8gGn1}, timeouts={implicit=0.0, pageLoad=300000.0, script=30000.0}, pageLoadStrategy=normal, unhandledPromptBehavior=dismiss and notify, strictFileInteractability=false, platform=ANY, proxy=Proxy(), goog:chromeOptions={debuggerAddress=localhost:42201}, webdriver.remote.sessionid=aca25c16e18d1ac6a0873bf9c7fff091, acceptInsecureCerts=false, browserVersion=79.0.3945.79, browserName=chrome, javascriptEnabled=true, platformName=linux, setWindowRect=true}]
Session ID: aca25c16e18d1ac6a0873bf9c7fff091
	at sun.reflect.NativeConstructorAccessorImpl.newInstance0(Native Method)
	at sun.reflect.NativeConstructorAccessorImpl.newInstance(NativeConstructorAccessorImpl.java:62)
	at sun.reflect.DelegatingConstructorAccessorImpl.newInstance(DelegatingConstructorAccessorImpl.java:45)
	at java.lang.reflect.Constructor.newInstance(Constructor.java:423)
	at org.openqa.selenium.remote.http.W3CHttpResponseCodec.createException(W3CHttpResponseCodec.java:150)
	at org.openqa.selenium.remote.http.W3CHttpResponseCodec.decode(W3CHttpResponseCodec.java:115)
	at org.openqa.selenium.remote.http.W3CHttpResponseCodec.decode(W3CHttpResponseCodec.java:45)
	at org.openqa.selenium.remote.HttpCommandExecutor.execute(HttpCommandExecutor.java:164)
	at org.openqa.selenium.remote.RemoteWebDriver.execute(RemoteWebDriver.java:637)
	at org.openqa.selenium.remote.RemoteWebElement.execute(RemoteWebElement.java:272)
	at org.openqa.selenium.remote.RemoteWebElement.click(RemoteWebElement.java:82)
	at com.cognizant.cognizantits.engine.commands.Basic.Click(Basic.java:46)
	at com.cognizant.cognizantits.engine.support.reflect.MethodExecutor.executeMethod(MethodExecutor.java:39)
	at com.cognizant.cognizantits.engine.execution.run.TestStepRunner.executeAction(TestStepRunner.java:148)
	at com.cognizant.cognizantits.engine.execution.run.TestStepRunner.executeStep(TestStepRunner.java:144)
	at com.cognizant.cognizantits.engine.execution.run.TestStepRunner.executeStep(TestStepRunner.java:132)
	at com.cognizant.cognizantits.engine.execution.run.TestStepRunner.run(TestStepRunner.java:60)
	at com.cognizant.cognizantits.engine.execution.run.TestCaseRunner.runStep(TestCaseRunner.java:376)
	at com.cognizant.cognizantits.engine.execution.run.TestCaseRunner.run(TestCaseRunner.java:334)
	at com.cognizant.cognizantits.engine.core.Task.runIteration(Task.java:123)
	at com.cognizant.cognizantits.engine.core.Task.run(Task.java:79)
	at java.util.concurrent.ThreadPoolExecutor.runWorker(ThreadPoolExecutor.java:1149)
	at java.util.concurrent.ThreadPoolExecutor$Worker.run(ThreadPoolExecutor.java:624)
	at java.lang.Thread.run(Thread.java:748)

[FAIL]   | org.openqa.selenium.WebDriverException: element click intercepted: Element <input id="sex-0" name="sex" type="radio" value="Male"> is not clickable at point (80, 896). Other element would receive the click: <div id="cookie-law-info-bar" style="background-color: rgb(61, 130, 191); color: rgb(255, 255, 255); font-family: Verdana, Geneva; bottom: 0px; position: fixed; display: block;">...</div>
  (Session info: chrome=79.0.3945.79)
Build info: version: '3.4.0', revision: 'unknown', time: 'unknown'
System info: host: 'USMGX466H2', ip: '10.44.20.89', os.name: 'Windows 10', os.arch: 'amd64', os.version: '10.0', java.version: '1.8.0_231'
Driver info: org.openqa.selenium.remote.RemoteWebDriver
Capabilities [{networkConnectionEnabled=false, chrome={chromedriverVersion=79.0.3945.36 (3582db32b33893869b8c1339e8f4d9ed1816f143-refs/branch-heads/3945@{#614}), userDataDir=/tmp/.com.google.Chrome.x8gGn1}, timeouts={implicit=0.0, pageLoad=300000.0, script=30000.0}, pageLoadStrategy=normal, unhandledPromptBehavior=dismiss and notify, strictFileInteractability=false, platform=ANY, proxy=Proxy(), goog:chromeOptions={debuggerAddress=localhost:42201}, webdriver.remote.sessionid=aca25c16e18d1ac6a0873bf9c7fff091, acceptInsecureCerts=false, browserVersion=79.0.3945.79, browserName=chrome, javascriptEnabled=true, platformName=linux, setWindowRect=true}]
Session ID: aca25c16e18d1ac6a0873bf9c7fff091

===================================================================================================

2020-01-10 18:56:18:01S -0500 [INFO] org.openqa.selenium.remote.ErrorCodes toStatus:HTTP Status: '404' -> incorrect JSON status mapping for 'no such alert' (400 expected)
Step:7   | Object: Years of Experience | Action: Click | Input:  | Conditon:  | @10-Jan-2020 18:56:32.032
Using @name [exp], Object 'Years of Experience' Found in 59 ms
2020-01-10 18:56:34:01S -0500 [SEVERE] com.cognizant.cognizantits.engine.execution.run.TestCaseRunner onError:org.openqa.selenium.WebDriverException: element click intercepted: Element <input id="exp-0" name="exp" type="radio" value="1"> is not clickable at point (204, 896). Other element would receive the click: <div id="cookie-law-info-bar" style="background-color: rgb(61, 130, 191); color: rgb(255, 255, 255); font-family: Verdana, Geneva; bottom: 0px; position: fixed; display: block;">...</div>
  (Session info: chrome=79.0.3945.79)
Build info: version: '3.4.0', revision: 'unknown', time: 'unknown'
System info: host: 'USMGX466H2', ip: '10.44.20.89', os.name: 'Windows 10', os.arch: 'amd64', os.version: '10.0', java.version: '1.8.0_231'
Driver info: org.openqa.selenium.remote.RemoteWebDriver
Capabilities [{networkConnectionEnabled=false, chrome={chromedriverVersion=79.0.3945.36 (3582db32b33893869b8c1339e8f4d9ed1816f143-refs/branch-heads/3945@{#614}), userDataDir=/tmp/.com.google.Chrome.x8gGn1}, timeouts={implicit=0.0, pageLoad=300000.0, script=30000.0}, pageLoadStrategy=normal, unhandledPromptBehavior=dismiss and notify, strictFileInteractability=false, platform=ANY, proxy=Proxy(), goog:chromeOptions={debuggerAddress=localhost:42201}, webdriver.remote.sessionid=aca25c16e18d1ac6a0873bf9c7fff091, acceptInsecureCerts=false, browserVersion=79.0.3945.79, browserName=chrome, javascriptEnabled=true, platformName=linux, setWindowRect=true}]
Session ID: aca25c16e18d1ac6a0873bf9c7fff091
org.openqa.selenium.WebDriverException: element click intercepted: Element <input id="exp-0" name="exp" type="radio" value="1"> is not clickable at point (204, 896). Other element would receive the click: <div id="cookie-law-info-bar" style="background-color: rgb(61, 130, 191); color: rgb(255, 255, 255); font-family: Verdana, Geneva; bottom: 0px; position: fixed; display: block;">...</div>
  (Session info: chrome=79.0.3945.79)
Build info: version: '3.4.0', revision: 'unknown', time: 'unknown'
System info: host: 'USMGX466H2', ip: '10.44.20.89', os.name: 'Windows 10', os.arch: 'amd64', os.version: '10.0', java.version: '1.8.0_231'
Driver info: org.openqa.selenium.remote.RemoteWebDriver
Capabilities [{networkConnectionEnabled=false, chrome={chromedriverVersion=79.0.3945.36 (3582db32b33893869b8c1339e8f4d9ed1816f143-refs/branch-heads/3945@{#614}), userDataDir=/tmp/.com.google.Chrome.x8gGn1}, timeouts={implicit=0.0, pageLoad=300000.0, script=30000.0}, pageLoadStrategy=normal, unhandledPromptBehavior=dismiss and notify, strictFileInteractability=false, platform=ANY, proxy=Proxy(), goog:chromeOptions={debuggerAddress=localhost:42201}, webdriver.remote.sessionid=aca25c16e18d1ac6a0873bf9c7fff091, acceptInsecureCerts=false, browserVersion=79.0.3945.79, browserName=chrome, javascriptEnabled=true, platformName=linux, setWindowRect=true}]
Session ID: aca25c16e18d1ac6a0873bf9c7fff091
	at sun.reflect.NativeConstructorAccessorImpl.newInstance0(Native Method)
	at sun.reflect.NativeConstructorAccessorImpl.newInstance(NativeConstructorAccessorImpl.java:62)
	at sun.reflect.DelegatingConstructorAccessorImpl.newInstance(DelegatingConstructorAccessorImpl.java:45)
	at java.lang.reflect.Constructor.newInstance(Constructor.java:423)
	at org.openqa.selenium.remote.http.W3CHttpResponseCodec.createException(W3CHttpResponseCodec.java:150)
	at org.openqa.selenium.remote.http.W3CHttpResponseCodec.decode(W3CHttpResponseCodec.java:115)
	at org.openqa.selenium.remote.http.W3CHttpResponseCodec.decode(W3CHttpResponseCodec.java:45)
	at org.openqa.selenium.remote.HttpCommandExecutor.execute(HttpCommandExecutor.java:164)
	at org.openqa.selenium.remote.RemoteWebDriver.execute(RemoteWebDriver.java:637)
	at org.openqa.selenium.remote.RemoteWebElement.execute(RemoteWebElement.java:272)
	at org.openqa.selenium.remote.RemoteWebElement.click(RemoteWebElement.java:82)
	at com.cognizant.cognizantits.engine.commands.Basic.Click(Basic.java:46)
	at com.cognizant.cognizantits.engine.support.reflect.MethodExecutor.executeMethod(MethodExecutor.java:39)
	at com.cognizant.cognizantits.engine.execution.run.TestStepRunner.executeAction(TestStepRunner.java:148)
	at com.cognizant.cognizantits.engine.execution.run.TestStepRunner.executeStep(TestStepRunner.java:144)
	at com.cognizant.cognizantits.engine.execution.run.TestStepRunner.executeStep(TestStepRunner.java:132)
	at com.cognizant.cognizantits.engine.execution.run.TestStepRunner.run(TestStepRunner.java:60)
	at com.cognizant.cognizantits.engine.execution.run.TestCaseRunner.runStep(TestCaseRunner.java:376)
	at com.cognizant.cognizantits.engine.execution.run.TestCaseRunner.run(TestCaseRunner.java:334)
	at com.cognizant.cognizantits.engine.core.Task.runIteration(Task.java:123)
	at com.cognizant.cognizantits.engine.core.Task.run(Task.java:79)
	at java.util.concurrent.ThreadPoolExecutor.runWorker(ThreadPoolExecutor.java:1149)
	at java.util.concurrent.ThreadPoolExecutor$Worker.run(ThreadPoolExecutor.java:624)
	at java.lang.Thread.run(Thread.java:748)

[FAIL]   | org.openqa.selenium.WebDriverException: element click intercepted: Element <input id="exp-0" name="exp" type="radio" value="1"> is not clickable at point (204, 896). Other element would receive the click: <div id="cookie-law-info-bar" style="background-color: rgb(61, 130, 191); color: rgb(255, 255, 255); font-family: Verdana, Geneva; bottom: 0px; position: fixed; display: block;">...</div>
  (Session info: chrome=79.0.3945.79)
Build info: version: '3.4.0', revision: 'unknown', time: 'unknown'
System info: host: 'USMGX466H2', ip: '10.44.20.89', os.name: 'Windows 10', os.arch: 'amd64', os.version: '10.0', java.version: '1.8.0_231'
Driver info: org.openqa.selenium.remote.RemoteWebDriver
Capabilities [{networkConnectionEnabled=false, chrome={chromedriverVersion=79.0.3945.36 (3582db32b33893869b8c1339e8f4d9ed1816f143-refs/branch-heads/3945@{#614}), userDataDir=/tmp/.com.google.Chrome.x8gGn1}, timeouts={implicit=0.0, pageLoad=300000.0, script=30000.0}, pageLoadStrategy=normal, unhandledPromptBehavior=dismiss and notify, strictFileInteractability=false, platform=ANY, proxy=Proxy(), goog:chromeOptions={debuggerAddress=localhost:42201}, webdriver.remote.sessionid=aca25c16e18d1ac6a0873bf9c7fff091, acceptInsecureCerts=false, browserVersion=79.0.3945.79, browserName=chrome, javascriptEnabled=true, platformName=linux, setWindowRect=true}]
Session ID: aca25c16e18d1ac6a0873bf9c7fff091

===================================================================================================

2020-01-10 18:56:34:01S -0500 [INFO] org.openqa.selenium.remote.ErrorCodes toStatus:HTTP Status: '404' -> incorrect JSON status mapping for 'no such alert' (400 expected)
Step:8   | Object: datepicker | Action: Click | Input:  | Conditon:  | @10-Jan-2020 18:56:43.043
Using @id [datepicker], Object 'datepicker' Found in 31 ms
2020-01-10 18:56:44:01S -0500 [SEVERE] com.cognizant.cognizantits.engine.execution.run.TestCaseRunner onError:org.openqa.selenium.WebDriverException: element click intercepted: Element <input id="datepicker" type="text"> is not clickable at point (185, 884). Other element would receive the click: <div id="cookie-law-info-bar" style="background-color: rgb(61, 130, 191); color: rgb(255, 255, 255); font-family: Verdana, Geneva; bottom: 0px; position: fixed; display: block;">...</div>
  (Session info: chrome=79.0.3945.79)
Build info: version: '3.4.0', revision: 'unknown', time: 'unknown'
System info: host: 'USMGX466H2', ip: '10.44.20.89', os.name: 'Windows 10', os.arch: 'amd64', os.version: '10.0', java.version: '1.8.0_231'
Driver info: org.openqa.selenium.remote.RemoteWebDriver
Capabilities [{networkConnectionEnabled=false, chrome={chromedriverVersion=79.0.3945.36 (3582db32b33893869b8c1339e8f4d9ed1816f143-refs/branch-heads/3945@{#614}), userDataDir=/tmp/.com.google.Chrome.x8gGn1}, timeouts={implicit=0.0, pageLoad=300000.0, script=30000.0}, pageLoadStrategy=normal, unhandledPromptBehavior=dismiss and notify, strictFileInteractability=false, platform=ANY, proxy=Proxy(), goog:chromeOptions={debuggerAddress=localhost:42201}, webdriver.remote.sessionid=aca25c16e18d1ac6a0873bf9c7fff091, acceptInsecureCerts=false, browserVersion=79.0.3945.79, browserName=chrome, javascriptEnabled=true, platformName=linux, setWindowRect=true}]
Session ID: aca25c16e18d1ac6a0873bf9c7fff091
org.openqa.selenium.WebDriverException: element click intercepted: Element <input id="datepicker" type="text"> is not clickable at point (185, 884). Other element would receive the click: <div id="cookie-law-info-bar" style="background-color: rgb(61, 130, 191); color: rgb(255, 255, 255); font-family: Verdana, Geneva; bottom: 0px; position: fixed; display: block;">...</div>
  (Session info: chrome=79.0.3945.79)
Build info: version: '3.4.0', revision: 'unknown', time: 'unknown'
System info: host: 'USMGX466H2', ip: '10.44.20.89', os.name: 'Windows 10', os.arch: 'amd64', os.version: '10.0', java.version: '1.8.0_231'
Driver info: org.openqa.selenium.remote.RemoteWebDriver
Capabilities [{networkConnectionEnabled=false, chrome={chromedriverVersion=79.0.3945.36 (3582db32b33893869b8c1339e8f4d9ed1816f143-refs/branch-heads/3945@{#614}), userDataDir=/tmp/.com.google.Chrome.x8gGn1}, timeouts={implicit=0.0, pageLoad=300000.0, script=30000.0}, pageLoadStrategy=normal, unhandledPromptBehavior=dismiss and notify, strictFileInteractability=false, platform=ANY, proxy=Proxy(), goog:chromeOptions={debuggerAddress=localhost:42201}, webdriver.remote.sessionid=aca25c16e18d1ac6a0873bf9c7fff091, acceptInsecureCerts=false, browserVersion=79.0.3945.79, browserName=chrome, javascriptEnabled=true, platformName=linux, setWindowRect=true}]
Session ID: aca25c16e18d1ac6a0873bf9c7fff091
	at sun.reflect.NativeConstructorAccessorImpl.newInstance0(Native Method)
	at sun.reflect.NativeConstructorAccessorImpl.newInstance(NativeConstructorAccessorImpl.java:62)
	at sun.reflect.DelegatingConstructorAccessorImpl.newInstance(DelegatingConstructorAccessorImpl.java:45)
	at java.lang.reflect.Constructor.newInstance(Constructor.java:423)
	at org.openqa.selenium.remote.http.W3CHttpResponseCodec.createException(W3CHttpResponseCodec.java:150)
	at org.openqa.selenium.remote.http.W3CHttpResponseCodec.decode(W3CHttpResponseCodec.java:115)
	at org.openqa.selenium.remote.http.W3CHttpResponseCodec.decode(W3CHttpResponseCodec.java:45)
	at org.openqa.selenium.remote.HttpCommandExecutor.execute(HttpCommandExecutor.java:164)
	at org.openqa.selenium.remote.RemoteWebDriver.execute(RemoteWebDriver.java:637)
	at org.openqa.selenium.remote.RemoteWebElement.execute(RemoteWebElement.java:272)
	at org.openqa.selenium.remote.RemoteWebElement.click(RemoteWebElement.java:82)
	at com.cognizant.cognizantits.engine.commands.Basic.Click(Basic.java:46)
	at com.cognizant.cognizantits.engine.support.reflect.MethodExecutor.executeMethod(MethodExecutor.java:39)
	at com.cognizant.cognizantits.engine.execution.run.TestStepRunner.executeAction(TestStepRunner.java:148)
	at com.cognizant.cognizantits.engine.execution.run.TestStepRunner.executeStep(TestStepRunner.java:144)
	at com.cognizant.cognizantits.engine.execution.run.TestStepRunner.executeStep(TestStepRunner.java:132)
	at com.cognizant.cognizantits.engine.execution.run.TestStepRunner.run(TestStepRunner.java:60)
	at com.cognizant.cognizantits.engine.execution.run.TestCaseRunner.runStep(TestCaseRunner.java:376)
	at com.cognizant.cognizantits.engine.execution.run.TestCaseRunner.run(TestCaseRunner.java:334)
	at com.cognizant.cognizantits.engine.core.Task.runIteration(Task.java:123)
	at com.cognizant.cognizantits.engine.core.Task.run(Task.java:79)
	at java.util.concurrent.ThreadPoolExecutor.runWorker(ThreadPoolExecutor.java:1149)
	at java.util.concurrent.ThreadPoolExecutor$Worker.run(ThreadPoolExecutor.java:624)
	at java.lang.Thread.run(Thread.java:748)

[FAIL]   | org.openqa.selenium.WebDriverException: element click intercepted: Element <input id="datepicker" type="text"> is not clickable at point (185, 884). Other element would receive the click: <div id="cookie-law-info-bar" style="background-color: rgb(61, 130, 191); color: rgb(255, 255, 255); font-family: Verdana, Geneva; bottom: 0px; position: fixed; display: block;">...</div>
  (Session info: chrome=79.0.3945.79)
Build info: version: '3.4.0', revision: 'unknown', time: 'unknown'
System info: host: 'USMGX466H2', ip: '10.44.20.89', os.name: 'Windows 10', os.arch: 'amd64', os.version: '10.0', java.version: '1.8.0_231'
Driver info: org.openqa.selenium.remote.RemoteWebDriver
Capabilities [{networkConnectionEnabled=false, chrome={chromedriverVersion=79.0.3945.36 (3582db32b33893869b8c1339e8f4d9ed1816f143-refs/branch-heads/3945@{#614}), userDataDir=/tmp/.com.google.Chrome.x8gGn1}, timeouts={implicit=0.0, pageLoad=300000.0, script=30000.0}, pageLoadStrategy=normal, unhandledPromptBehavior=dismiss and notify, strictFileInteractability=false, platform=ANY, proxy=Proxy(), goog:chromeOptions={debuggerAddress=localhost:42201}, webdriver.remote.sessionid=aca25c16e18d1ac6a0873bf9c7fff091, acceptInsecureCerts=false, browserVersion=79.0.3945.79, browserName=chrome, javascriptEnabled=true, platformName=linux, setWindowRect=true}]
Session ID: aca25c16e18d1ac6a0873bf9c7fff091

===================================================================================================

2020-01-10 18:56:44:01S -0500 [INFO] org.openqa.selenium.remote.ErrorCodes toStatus:HTTP Status: '404' -> incorrect JSON status mapping for 'no such alert' (400 expected)
Step:9   | Object: datepicker | Action: Set | Input: Iterations:Date | Conditon: End Param | @10-Jan-2020 18:57:06.006
Using @id [datepicker], Object 'datepicker' Found in 25 ms
[DONE]   | Entered Text '03/01/2017' on 'datepicker'

===================================================================================================

Step:3   | Object: firstname | Action: Set | Input: Iterations:FirstName | Conditon: Start Param | @10-Jan-2020 18:57:06.006
Using @name [firstname], Object 'firstname' Found in 68 ms
[DONE]   | Entered Text 'Cognizant4' on 'firstname'

===================================================================================================

Step:4   | Object: lastname | Action: Click | Input:  | Conditon:  | @10-Jan-2020 18:57:07.007
Using @type [input], Object 'lastname' Found in 680 ms
2020-01-10 18:57:08:01S -0500 [SEVERE] com.cognizant.cognizantits.engine.execution.run.TestCaseRunner onError:com.cognizant.cognizantits.engine.execution.exception.element.ElementException: Seems Like the Element [lastname] is Not Visible or hidden at the moment
com.cognizant.cognizantits.engine.execution.exception.element.ElementException: Seems Like the Element [lastname] is Not Visible or hidden at the moment
	at com.cognizant.cognizantits.engine.commands.General.elementEnabled(General.java:64)
	at com.cognizant.cognizantits.engine.commands.Basic.Click(Basic.java:45)
	at com.cognizant.cognizantits.engine.support.reflect.MethodExecutor.executeMethod(MethodExecutor.java:39)
	at com.cognizant.cognizantits.engine.execution.run.TestStepRunner.executeAction(TestStepRunner.java:148)
	at com.cognizant.cognizantits.engine.execution.run.TestStepRunner.executeStep(TestStepRunner.java:144)
	at com.cognizant.cognizantits.engine.execution.run.TestStepRunner.executeStep(TestStepRunner.java:132)
	at com.cognizant.cognizantits.engine.execution.run.TestStepRunner.run(TestStepRunner.java:60)
	at com.cognizant.cognizantits.engine.execution.run.TestCaseRunner.runStep(TestCaseRunner.java:376)
	at com.cognizant.cognizantits.engine.execution.run.TestCaseRunner.run(TestCaseRunner.java:334)
	at com.cognizant.cognizantits.engine.core.Task.runIteration(Task.java:123)
	at com.cognizant.cognizantits.engine.core.Task.run(Task.java:79)
	at java.util.concurrent.ThreadPoolExecutor.runWorker(ThreadPoolExecutor.java:1149)
	at java.util.concurrent.ThreadPoolExecutor$Worker.run(ThreadPoolExecutor.java:624)
	at java.lang.Thread.run(Thread.java:748)

[FAIL]   | com.cognizant.cognizantits.engine.execution.exception.element.ElementException: Seems Like the Element [lastname] is Not Visible or hidden at the moment

===================================================================================================

2020-01-10 18:57:09:01S -0500 [INFO] org.openqa.selenium.remote.ErrorCodes toStatus:HTTP Status: '404' -> incorrect JSON status mapping for 'no such alert' (400 expected)
Step:5   | Object: lastname | Action: Set | Input: Iterations:LastName | Conditon:  | @10-Jan-2020 18:57:20.020
Using @type [input], Object 'lastname' Found in 186 ms
2020-01-10 18:57:20:01S -0500 [SEVERE] com.cognizant.cognizantits.engine.execution.run.TestCaseRunner onError:com.cognizant.cognizantits.engine.execution.exception.element.ElementException: Seems Like the Element [lastname] is Not Visible or hidden at the moment
com.cognizant.cognizantits.engine.execution.exception.element.ElementException: Seems Like the Element [lastname] is Not Visible or hidden at the moment
	at com.cognizant.cognizantits.engine.commands.General.elementEnabled(General.java:64)
	at com.cognizant.cognizantits.engine.commands.Basic.Set(Basic.java:97)
	at com.cognizant.cognizantits.engine.support.reflect.MethodExecutor.executeMethod(MethodExecutor.java:39)
	at com.cognizant.cognizantits.engine.execution.run.TestStepRunner.executeAction(TestStepRunner.java:148)
	at com.cognizant.cognizantits.engine.execution.run.TestStepRunner.executeStep(TestStepRunner.java:144)
	at com.cognizant.cognizantits.engine.execution.run.TestStepRunner.executeStep(TestStepRunner.java:132)
	at com.cognizant.cognizantits.engine.execution.run.TestStepRunner.run(TestStepRunner.java:60)
	at com.cognizant.cognizantits.engine.execution.run.TestCaseRunner.runStep(TestCaseRunner.java:376)
	at com.cognizant.cognizantits.engine.execution.run.TestCaseRunner.run(TestCaseRunner.java:334)
	at com.cognizant.cognizantits.engine.core.Task.runIteration(Task.java:123)
	at com.cognizant.cognizantits.engine.core.Task.run(Task.java:79)
	at java.util.concurrent.ThreadPoolExecutor.runWorker(ThreadPoolExecutor.java:1149)
	at java.util.concurrent.ThreadPoolExecutor$Worker.run(ThreadPoolExecutor.java:624)
	at java.lang.Thread.run(Thread.java:748)

[FAIL]   | com.cognizant.cognizantits.engine.execution.exception.element.ElementException: Seems Like the Element [lastname] is Not Visible or hidden at the moment

===================================================================================================

2020-01-10 18:57:20:01S -0500 [INFO] org.openqa.selenium.remote.ErrorCodes toStatus:HTTP Status: '404' -> incorrect JSON status mapping for 'no such alert' (400 expected)
Step:6   | Object: Sex | Action: Click | Input:  | Conditon:  | @10-Jan-2020 18:57:32.032
Using @name [sex], Object 'Sex' Found in 26 ms
2020-01-10 18:57:33:01S -0500 [SEVERE] com.cognizant.cognizantits.engine.execution.run.TestCaseRunner onError:org.openqa.selenium.WebDriverException: element click intercepted: Element <input id="sex-0" name="sex" type="radio" value="Male"> is not clickable at point (80, 896). Other element would receive the click: <div id="cookie-law-info-bar" style="background-color: rgb(61, 130, 191); color: rgb(255, 255, 255); font-family: Verdana, Geneva; bottom: 0px; position: fixed; display: block;">...</div>
  (Session info: chrome=79.0.3945.79)
Build info: version: '3.4.0', revision: 'unknown', time: 'unknown'
System info: host: 'USMGX466H2', ip: '10.44.20.89', os.name: 'Windows 10', os.arch: 'amd64', os.version: '10.0', java.version: '1.8.0_231'
Driver info: org.openqa.selenium.remote.RemoteWebDriver
Capabilities [{networkConnectionEnabled=false, chrome={chromedriverVersion=79.0.3945.36 (3582db32b33893869b8c1339e8f4d9ed1816f143-refs/branch-heads/3945@{#614}), userDataDir=/tmp/.com.google.Chrome.x8gGn1}, timeouts={implicit=0.0, pageLoad=300000.0, script=30000.0}, pageLoadStrategy=normal, unhandledPromptBehavior=dismiss and notify, strictFileInteractability=false, platform=ANY, proxy=Proxy(), goog:chromeOptions={debuggerAddress=localhost:42201}, webdriver.remote.sessionid=aca25c16e18d1ac6a0873bf9c7fff091, acceptInsecureCerts=false, browserVersion=79.0.3945.79, browserName=chrome, javascriptEnabled=true, platformName=linux, setWindowRect=true}]
Session ID: aca25c16e18d1ac6a0873bf9c7fff091
org.openqa.selenium.WebDriverException: element click intercepted: Element <input id="sex-0" name="sex" type="radio" value="Male"> is not clickable at point (80, 896). Other element would receive the click: <div id="cookie-law-info-bar" style="background-color: rgb(61, 130, 191); color: rgb(255, 255, 255); font-family: Verdana, Geneva; bottom: 0px; position: fixed; display: block;">...</div>
  (Session info: chrome=79.0.3945.79)
Build info: version: '3.4.0', revision: 'unknown', time: 'unknown'
System info: host: 'USMGX466H2', ip: '10.44.20.89', os.name: 'Windows 10', os.arch: 'amd64', os.version: '10.0', java.version: '1.8.0_231'
Driver info: org.openqa.selenium.remote.RemoteWebDriver
Capabilities [{networkConnectionEnabled=false, chrome={chromedriverVersion=79.0.3945.36 (3582db32b33893869b8c1339e8f4d9ed1816f143-refs/branch-heads/3945@{#614}), userDataDir=/tmp/.com.google.Chrome.x8gGn1}, timeouts={implicit=0.0, pageLoad=300000.0, script=30000.0}, pageLoadStrategy=normal, unhandledPromptBehavior=dismiss and notify, strictFileInteractability=false, platform=ANY, proxy=Proxy(), goog:chromeOptions={debuggerAddress=localhost:42201}, webdriver.remote.sessionid=aca25c16e18d1ac6a0873bf9c7fff091, acceptInsecureCerts=false, browserVersion=79.0.3945.79, browserName=chrome, javascriptEnabled=true, platformName=linux, setWindowRect=true}]
Session ID: aca25c16e18d1ac6a0873bf9c7fff091
	at sun.reflect.NativeConstructorAccessorImpl.newInstance0(Native Method)
	at sun.reflect.NativeConstructorAccessorImpl.newInstance(NativeConstructorAccessorImpl.java:62)
	at sun.reflect.DelegatingConstructorAccessorImpl.newInstance(DelegatingConstructorAccessorImpl.java:45)
	at java.lang.reflect.Constructor.newInstance(Constructor.java:423)
	at org.openqa.selenium.remote.http.W3CHttpResponseCodec.createException(W3CHttpResponseCodec.java:150)
	at org.openqa.selenium.remote.http.W3CHttpResponseCodec.decode(W3CHttpResponseCodec.java:115)
	at org.openqa.selenium.remote.http.W3CHttpResponseCodec.decode(W3CHttpResponseCodec.java:45)
	at org.openqa.selenium.remote.HttpCommandExecutor.execute(HttpCommandExecutor.java:164)
	at org.openqa.selenium.remote.RemoteWebDriver.execute(RemoteWebDriver.java:637)
	at org.openqa.selenium.remote.RemoteWebElement.execute(RemoteWebElement.java:272)
	at org.openqa.selenium.remote.RemoteWebElement.click(RemoteWebElement.java:82)
	at com.cognizant.cognizantits.engine.commands.Basic.Click(Basic.java:46)
	at com.cognizant.cognizantits.engine.support.reflect.MethodExecutor.executeMethod(MethodExecutor.java:39)
	at com.cognizant.cognizantits.engine.execution.run.TestStepRunner.executeAction(TestStepRunner.java:148)
	at com.cognizant.cognizantits.engine.execution.run.TestStepRunner.executeStep(TestStepRunner.java:144)
	at com.cognizant.cognizantits.engine.execution.run.TestStepRunner.executeStep(TestStepRunner.java:132)
	at com.cognizant.cognizantits.engine.execution.run.TestStepRunner.run(TestStepRunner.java:60)
	at com.cognizant.cognizantits.engine.execution.run.TestCaseRunner.runStep(TestCaseRunner.java:376)
	at com.cognizant.cognizantits.engine.execution.run.TestCaseRunner.run(TestCaseRunner.java:334)
	at com.cognizant.cognizantits.engine.core.Task.runIteration(Task.java:123)
	at com.cognizant.cognizantits.engine.core.Task.run(Task.java:79)
	at java.util.concurrent.ThreadPoolExecutor.runWorker(ThreadPoolExecutor.java:1149)
	at java.util.concurrent.ThreadPoolExecutor$Worker.run(ThreadPoolExecutor.java:624)
	at java.lang.Thread.run(Thread.java:748)

[FAIL]   | org.openqa.selenium.WebDriverException: element click intercepted: Element <input id="sex-0" name="sex" type="radio" value="Male"> is not clickable at point (80, 896). Other element would receive the click: <div id="cookie-law-info-bar" style="background-color: rgb(61, 130, 191); color: rgb(255, 255, 255); font-family: Verdana, Geneva; bottom: 0px; position: fixed; display: block;">...</div>
  (Session info: chrome=79.0.3945.79)
Build info: version: '3.4.0', revision: 'unknown', time: 'unknown'
System info: host: 'USMGX466H2', ip: '10.44.20.89', os.name: 'Windows 10', os.arch: 'amd64', os.version: '10.0', java.version: '1.8.0_231'
Driver info: org.openqa.selenium.remote.RemoteWebDriver
Capabilities [{networkConnectionEnabled=false, chrome={chromedriverVersion=79.0.3945.36 (3582db32b33893869b8c1339e8f4d9ed1816f143-refs/branch-heads/3945@{#614}), userDataDir=/tmp/.com.google.Chrome.x8gGn1}, timeouts={implicit=0.0, pageLoad=300000.0, script=30000.0}, pageLoadStrategy=normal, unhandledPromptBehavior=dismiss and notify, strictFileInteractability=false, platform=ANY, proxy=Proxy(), goog:chromeOptions={debuggerAddress=localhost:42201}, webdriver.remote.sessionid=aca25c16e18d1ac6a0873bf9c7fff091, acceptInsecureCerts=false, browserVersion=79.0.3945.79, browserName=chrome, javascriptEnabled=true, platformName=linux, setWindowRect=true}]
Session ID: aca25c16e18d1ac6a0873bf9c7fff091

===================================================================================================

2020-01-10 18:57:33:01S -0500 [INFO] org.openqa.selenium.remote.ErrorCodes toStatus:HTTP Status: '404' -> incorrect JSON status mapping for 'no such alert' (400 expected)
Step:7   | Object: Years of Experience | Action: Click | Input:  | Conditon:  | @10-Jan-2020 18:57:43.043
Using @name [exp], Object 'Years of Experience' Found in 43 ms
2020-01-10 18:57:45:01S -0500 [SEVERE] com.cognizant.cognizantits.engine.execution.run.TestCaseRunner onError:org.openqa.selenium.WebDriverException: element click intercepted: Element <input id="exp-0" name="exp" type="radio" value="1"> is not clickable at point (204, 896). Other element would receive the click: <div id="cookie-law-info-bar" style="background-color: rgb(61, 130, 191); color: rgb(255, 255, 255); font-family: Verdana, Geneva; bottom: 0px; position: fixed; display: block;">...</div>
  (Session info: chrome=79.0.3945.79)
Build info: version: '3.4.0', revision: 'unknown', time: 'unknown'
System info: host: 'USMGX466H2', ip: '10.44.20.89', os.name: 'Windows 10', os.arch: 'amd64', os.version: '10.0', java.version: '1.8.0_231'
Driver info: org.openqa.selenium.remote.RemoteWebDriver
Capabilities [{networkConnectionEnabled=false, chrome={chromedriverVersion=79.0.3945.36 (3582db32b33893869b8c1339e8f4d9ed1816f143-refs/branch-heads/3945@{#614}), userDataDir=/tmp/.com.google.Chrome.x8gGn1}, timeouts={implicit=0.0, pageLoad=300000.0, script=30000.0}, pageLoadStrategy=normal, unhandledPromptBehavior=dismiss and notify, strictFileInteractability=false, platform=ANY, proxy=Proxy(), goog:chromeOptions={debuggerAddress=localhost:42201}, webdriver.remote.sessionid=aca25c16e18d1ac6a0873bf9c7fff091, acceptInsecureCerts=false, browserVersion=79.0.3945.79, browserName=chrome, javascriptEnabled=true, platformName=linux, setWindowRect=true}]
Session ID: aca25c16e18d1ac6a0873bf9c7fff091
org.openqa.selenium.WebDriverException: element click intercepted: Element <input id="exp-0" name="exp" type="radio" value="1"> is not clickable at point (204, 896). Other element would receive the click: <div id="cookie-law-info-bar" style="background-color: rgb(61, 130, 191); color: rgb(255, 255, 255); font-family: Verdana, Geneva; bottom: 0px; position: fixed; display: block;">...</div>
  (Session info: chrome=79.0.3945.79)
Build info: version: '3.4.0', revision: 'unknown', time: 'unknown'
System info: host: 'USMGX466H2', ip: '10.44.20.89', os.name: 'Windows 10', os.arch: 'amd64', os.version: '10.0', java.version: '1.8.0_231'
Driver info: org.openqa.selenium.remote.RemoteWebDriver
Capabilities [{networkConnectionEnabled=false, chrome={chromedriverVersion=79.0.3945.36 (3582db32b33893869b8c1339e8f4d9ed1816f143-refs/branch-heads/3945@{#614}), userDataDir=/tmp/.com.google.Chrome.x8gGn1}, timeouts={implicit=0.0, pageLoad=300000.0, script=30000.0}, pageLoadStrategy=normal, unhandledPromptBehavior=dismiss and notify, strictFileInteractability=false, platform=ANY, proxy=Proxy(), goog:chromeOptions={debuggerAddress=localhost:42201}, webdriver.remote.sessionid=aca25c16e18d1ac6a0873bf9c7fff091, acceptInsecureCerts=false, browserVersion=79.0.3945.79, browserName=chrome, javascriptEnabled=true, platformName=linux, setWindowRect=true}]
Session ID: aca25c16e18d1ac6a0873bf9c7fff091
	at sun.reflect.NativeConstructorAccessorImpl.newInstance0(Native Method)
	at sun.reflect.NativeConstructorAccessorImpl.newInstance(NativeConstructorAccessorImpl.java:62)
	at sun.reflect.DelegatingConstructorAccessorImpl.newInstance(DelegatingConstructorAccessorImpl.java:45)
	at java.lang.reflect.Constructor.newInstance(Constructor.java:423)
	at org.openqa.selenium.remote.http.W3CHttpResponseCodec.createException(W3CHttpResponseCodec.java:150)
	at org.openqa.selenium.remote.http.W3CHttpResponseCodec.decode(W3CHttpResponseCodec.java:115)
	at org.openqa.selenium.remote.http.W3CHttpResponseCodec.decode(W3CHttpResponseCodec.java:45)
	at org.openqa.selenium.remote.HttpCommandExecutor.execute(HttpCommandExecutor.java:164)
	at org.openqa.selenium.remote.RemoteWebDriver.execute(RemoteWebDriver.java:637)
	at org.openqa.selenium.remote.RemoteWebElement.execute(RemoteWebElement.java:272)
	at org.openqa.selenium.remote.RemoteWebElement.click(RemoteWebElement.java:82)
	at com.cognizant.cognizantits.engine.commands.Basic.Click(Basic.java:46)
	at com.cognizant.cognizantits.engine.support.reflect.MethodExecutor.executeMethod(MethodExecutor.java:39)
	at com.cognizant.cognizantits.engine.execution.run.TestStepRunner.executeAction(TestStepRunner.java:148)
	at com.cognizant.cognizantits.engine.execution.run.TestStepRunner.executeStep(TestStepRunner.java:144)
	at com.cognizant.cognizantits.engine.execution.run.TestStepRunner.executeStep(TestStepRunner.java:132)
	at com.cognizant.cognizantits.engine.execution.run.TestStepRunner.run(TestStepRunner.java:60)
	at com.cognizant.cognizantits.engine.execution.run.TestCaseRunner.runStep(TestCaseRunner.java:376)
	at com.cognizant.cognizantits.engine.execution.run.TestCaseRunner.run(TestCaseRunner.java:334)
	at com.cognizant.cognizantits.engine.core.Task.runIteration(Task.java:123)
	at com.cognizant.cognizantits.engine.core.Task.run(Task.java:79)
	at java.util.concurrent.ThreadPoolExecutor.runWorker(ThreadPoolExecutor.java:1149)
	at java.util.concurrent.ThreadPoolExecutor$Worker.run(ThreadPoolExecutor.java:624)
	at java.lang.Thread.run(Thread.java:748)

[FAIL]   | org.openqa.selenium.WebDriverException: element click intercepted: Element <input id="exp-0" name="exp" type="radio" value="1"> is not clickable at point (204, 896). Other element would receive the click: <div id="cookie-law-info-bar" style="background-color: rgb(61, 130, 191); color: rgb(255, 255, 255); font-family: Verdana, Geneva; bottom: 0px; position: fixed; display: block;">...</div>
  (Session info: chrome=79.0.3945.79)
Build info: version: '3.4.0', revision: 'unknown', time: 'unknown'
System info: host: 'USMGX466H2', ip: '10.44.20.89', os.name: 'Windows 10', os.arch: 'amd64', os.version: '10.0', java.version: '1.8.0_231'
Driver info: org.openqa.selenium.remote.RemoteWebDriver
Capabilities [{networkConnectionEnabled=false, chrome={chromedriverVersion=79.0.3945.36 (3582db32b33893869b8c1339e8f4d9ed1816f143-refs/branch-heads/3945@{#614}), userDataDir=/tmp/.com.google.Chrome.x8gGn1}, timeouts={implicit=0.0, pageLoad=300000.0, script=30000.0}, pageLoadStrategy=normal, unhandledPromptBehavior=dismiss and notify, strictFileInteractability=false, platform=ANY, proxy=Proxy(), goog:chromeOptions={debuggerAddress=localhost:42201}, webdriver.remote.sessionid=aca25c16e18d1ac6a0873bf9c7fff091, acceptInsecureCerts=false, browserVersion=79.0.3945.79, browserName=chrome, javascriptEnabled=true, platformName=linux, setWindowRect=true}]
Session ID: aca25c16e18d1ac6a0873bf9c7fff091

===================================================================================================

2020-01-10 18:57:45:01S -0500 [INFO] org.openqa.selenium.remote.ErrorCodes toStatus:HTTP Status: '404' -> incorrect JSON status mapping for 'no such alert' (400 expected)
Step:8   | Object: datepicker | Action: Click | Input:  | Conditon:  | @10-Jan-2020 18:58:02.002
Using @id [datepicker], Object 'datepicker' Found in 30 ms
2020-01-10 18:58:03:01S -0500 [SEVERE] com.cognizant.cognizantits.engine.execution.run.TestCaseRunner onError:org.openqa.selenium.WebDriverException: element click intercepted: Element <input id="datepicker" type="text"> is not clickable at point (185, 884). Other element would receive the click: <div id="cookie-law-info-bar" style="background-color: rgb(61, 130, 191); color: rgb(255, 255, 255); font-family: Verdana, Geneva; bottom: 0px; position: fixed; display: block;">...</div>
  (Session info: chrome=79.0.3945.79)
Build info: version: '3.4.0', revision: 'unknown', time: 'unknown'
System info: host: 'USMGX466H2', ip: '10.44.20.89', os.name: 'Windows 10', os.arch: 'amd64', os.version: '10.0', java.version: '1.8.0_231'
Driver info: org.openqa.selenium.remote.RemoteWebDriver
Capabilities [{networkConnectionEnabled=false, chrome={chromedriverVersion=79.0.3945.36 (3582db32b33893869b8c1339e8f4d9ed1816f143-refs/branch-heads/3945@{#614}), userDataDir=/tmp/.com.google.Chrome.x8gGn1}, timeouts={implicit=0.0, pageLoad=300000.0, script=30000.0}, pageLoadStrategy=normal, unhandledPromptBehavior=dismiss and notify, strictFileInteractability=false, platform=ANY, proxy=Proxy(), goog:chromeOptions={debuggerAddress=localhost:42201}, webdriver.remote.sessionid=aca25c16e18d1ac6a0873bf9c7fff091, acceptInsecureCerts=false, browserVersion=79.0.3945.79, browserName=chrome, javascriptEnabled=true, platformName=linux, setWindowRect=true}]
Session ID: aca25c16e18d1ac6a0873bf9c7fff091
org.openqa.selenium.WebDriverException: element click intercepted: Element <input id="datepicker" type="text"> is not clickable at point (185, 884). Other element would receive the click: <div id="cookie-law-info-bar" style="background-color: rgb(61, 130, 191); color: rgb(255, 255, 255); font-family: Verdana, Geneva; bottom: 0px; position: fixed; display: block;">...</div>
  (Session info: chrome=79.0.3945.79)
Build info: version: '3.4.0', revision: 'unknown', time: 'unknown'
System info: host: 'USMGX466H2', ip: '10.44.20.89', os.name: 'Windows 10', os.arch: 'amd64', os.version: '10.0', java.version: '1.8.0_231'
Driver info: org.openqa.selenium.remote.RemoteWebDriver
Capabilities [{networkConnectionEnabled=false, chrome={chromedriverVersion=79.0.3945.36 (3582db32b33893869b8c1339e8f4d9ed1816f143-refs/branch-heads/3945@{#614}), userDataDir=/tmp/.com.google.Chrome.x8gGn1}, timeouts={implicit=0.0, pageLoad=300000.0, script=30000.0}, pageLoadStrategy=normal, unhandledPromptBehavior=dismiss and notify, strictFileInteractability=false, platform=ANY, proxy=Proxy(), goog:chromeOptions={debuggerAddress=localhost:42201}, webdriver.remote.sessionid=aca25c16e18d1ac6a0873bf9c7fff091, acceptInsecureCerts=false, browserVersion=79.0.3945.79, browserName=chrome, javascriptEnabled=true, platformName=linux, setWindowRect=true}]
Session ID: aca25c16e18d1ac6a0873bf9c7fff091
	at sun.reflect.NativeConstructorAccessorImpl.newInstance0(Native Method)
	at sun.reflect.NativeConstructorAccessorImpl.newInstance(NativeConstructorAccessorImpl.java:62)
	at sun.reflect.DelegatingConstructorAccessorImpl.newInstance(DelegatingConstructorAccessorImpl.java:45)
	at java.lang.reflect.Constructor.newInstance(Constructor.java:423)
	at org.openqa.selenium.remote.http.W3CHttpResponseCodec.createException(W3CHttpResponseCodec.java:150)
	at org.openqa.selenium.remote.http.W3CHttpResponseCodec.decode(W3CHttpResponseCodec.java:115)
	at org.openqa.selenium.remote.http.W3CHttpResponseCodec.decode(W3CHttpResponseCodec.java:45)
	at org.openqa.selenium.remote.HttpCommandExecutor.execute(HttpCommandExecutor.java:164)
	at org.openqa.selenium.remote.RemoteWebDriver.execute(RemoteWebDriver.java:637)
	at org.openqa.selenium.remote.RemoteWebElement.execute(RemoteWebElement.java:272)
	at org.openqa.selenium.remote.RemoteWebElement.click(RemoteWebElement.java:82)
	at com.cognizant.cognizantits.engine.commands.Basic.Click(Basic.java:46)
	at com.cognizant.cognizantits.engine.support.reflect.MethodExecutor.executeMethod(MethodExecutor.java:39)
	at com.cognizant.cognizantits.engine.execution.run.TestStepRunner.executeAction(TestStepRunner.java:148)
	at com.cognizant.cognizantits.engine.execution.run.TestStepRunner.executeStep(TestStepRunner.java:144)
	at com.cognizant.cognizantits.engine.execution.run.TestStepRunner.executeStep(TestStepRunner.java:132)
	at com.cognizant.cognizantits.engine.execution.run.TestStepRunner.run(TestStepRunner.java:60)
	at com.cognizant.cognizantits.engine.execution.run.TestCaseRunner.runStep(TestCaseRunner.java:376)
	at com.cognizant.cognizantits.engine.execution.run.TestCaseRunner.run(TestCaseRunner.java:334)
	at com.cognizant.cognizantits.engine.core.Task.runIteration(Task.java:123)
	at com.cognizant.cognizantits.engine.core.Task.run(Task.java:79)
	at java.util.concurrent.ThreadPoolExecutor.runWorker(ThreadPoolExecutor.java:1149)
	at java.util.concurrent.ThreadPoolExecutor$Worker.run(ThreadPoolExecutor.java:624)
	at java.lang.Thread.run(Thread.java:748)

[FAIL]   | org.openqa.selenium.WebDriverException: element click intercepted: Element <input id="datepicker" type="text"> is not clickable at point (185, 884). Other element would receive the click: <div id="cookie-law-info-bar" style="background-color: rgb(61, 130, 191); color: rgb(255, 255, 255); font-family: Verdana, Geneva; bottom: 0px; position: fixed; display: block;">...</div>
  (Session info: chrome=79.0.3945.79)
Build info: version: '3.4.0', revision: 'unknown', time: 'unknown'
System info: host: 'USMGX466H2', ip: '10.44.20.89', os.name: 'Windows 10', os.arch: 'amd64', os.version: '10.0', java.version: '1.8.0_231'
Driver info: org.openqa.selenium.remote.RemoteWebDriver
Capabilities [{networkConnectionEnabled=false, chrome={chromedriverVersion=79.0.3945.36 (3582db32b33893869b8c1339e8f4d9ed1816f143-refs/branch-heads/3945@{#614}), userDataDir=/tmp/.com.google.Chrome.x8gGn1}, timeouts={implicit=0.0, pageLoad=300000.0, script=30000.0}, pageLoadStrategy=normal, unhandledPromptBehavior=dismiss and notify, strictFileInteractability=false, platform=ANY, proxy=Proxy(), goog:chromeOptions={debuggerAddress=localhost:42201}, webdriver.remote.sessionid=aca25c16e18d1ac6a0873bf9c7fff091, acceptInsecureCerts=false, browserVersion=79.0.3945.79, browserName=chrome, javascriptEnabled=true, platformName=linux, setWindowRect=true}]
Session ID: aca25c16e18d1ac6a0873bf9c7fff091

===================================================================================================

2020-01-10 18:58:03:01S -0500 [INFO] org.openqa.selenium.remote.ErrorCodes toStatus:HTTP Status: '404' -> incorrect JSON status mapping for 'no such alert' (400 expected)
Step:9   | Object: datepicker | Action: Set | Input: Iterations:Date | Conditon: End Param | @10-Jan-2020 18:58:30.030
Using @id [datepicker], Object 'datepicker' Found in 70 ms
[DONE]   | Entered Text '04/01/2017' on 'datepicker'

===================================================================================================

Step:3   | Object: firstname | Action: Set | Input: Iterations:FirstName | Conditon: Start Param | @10-Jan-2020 18:58:31.031
Breaking subIteration, End Of Input!!
Step:10  | Object: Profession | Action: Click | Input:  | Conditon:  | @10-Jan-2020 18:58:31.031
Using @name [profession], Object 'Profession' Found in 70 ms
[DONE]   | Clicking on Profession

===================================================================================================

Step:11  | Object: Automation Tool | Action: Click | Input:  | Conditon:  | @10-Jan-2020 18:58:32.032
Using @name [tool], Object 'Automation Tool' Found in 31 ms
[DONE]   | Clicking on Automation Tool

===================================================================================================

Step:12  | Object: AsiaEuropeAfricaAustraliaSouth | Action: selectByVisibleText | Input: @Australia | Conditon:  | @10-Jan-2020 18:58:32.032
Using @name [continents], Object 'AsiaEuropeAfricaAustraliaSouth' Found in 46 ms
[DONE]   | Item/s 'Australia' is/are selected from list AsiaEuropeAfricaAustraliaSouth

===================================================================================================

Step:13  | Object: Browser CommandsNavigation Com | Action: selectByVisibleText | Input: @Browser Commands | Conditon:  | @10-Jan-2020 18:58:33.033
Using @name [selenium_commands], Object 'Browser CommandsNavigation Com' Found in 31 ms
[DONE]   | Item/s 'Browser Commands' is/are selected from list Browser CommandsNavigation Com

===================================================================================================

Step:14  | Object: Button | Action: Click | Input:  | Conditon:  | @10-Jan-2020 18:58:33.033
Using @name [submit], Object 'Button' Found in 28 ms
2020-01-10 18:58:35:01S -0500 [SEVERE] com.cognizant.cognizantits.engine.execution.run.TestCaseRunner onError:org.openqa.selenium.WebDriverException: element click intercepted: Element <button id="buttonwithclass" class="btn" name="submit">...</button> is not clickable at point (93, 11). Other element would receive the click: <div class="cp-info-bar-body-overlay"></div>
  (Session info: chrome=79.0.3945.79)
Build info: version: '3.4.0', revision: 'unknown', time: 'unknown'
System info: host: 'USMGX466H2', ip: '10.44.20.89', os.name: 'Windows 10', os.arch: 'amd64', os.version: '10.0', java.version: '1.8.0_231'
Driver info: org.openqa.selenium.remote.RemoteWebDriver
Capabilities [{networkConnectionEnabled=false, chrome={chromedriverVersion=79.0.3945.36 (3582db32b33893869b8c1339e8f4d9ed1816f143-refs/branch-heads/3945@{#614}), userDataDir=/tmp/.com.google.Chrome.x8gGn1}, timeouts={implicit=0.0, pageLoad=300000.0, script=30000.0}, pageLoadStrategy=normal, unhandledPromptBehavior=dismiss and notify, strictFileInteractability=false, platform=ANY, proxy=Proxy(), goog:chromeOptions={debuggerAddress=localhost:42201}, webdriver.remote.sessionid=aca25c16e18d1ac6a0873bf9c7fff091, acceptInsecureCerts=false, browserVersion=79.0.3945.79, browserName=chrome, javascriptEnabled=true, platformName=linux, setWindowRect=true}]
Session ID: aca25c16e18d1ac6a0873bf9c7fff091
org.openqa.selenium.WebDriverException: element click intercepted: Element <button id="buttonwithclass" class="btn" name="submit">...</button> is not clickable at point (93, 11). Other element would receive the click: <div class="cp-info-bar-body-overlay"></div>
  (Session info: chrome=79.0.3945.79)
Build info: version: '3.4.0', revision: 'unknown', time: 'unknown'
System info: host: 'USMGX466H2', ip: '10.44.20.89', os.name: 'Windows 10', os.arch: 'amd64', os.version: '10.0', java.version: '1.8.0_231'
Driver info: org.openqa.selenium.remote.RemoteWebDriver
Capabilities [{networkConnectionEnabled=false, chrome={chromedriverVersion=79.0.3945.36 (3582db32b33893869b8c1339e8f4d9ed1816f143-refs/branch-heads/3945@{#614}), userDataDir=/tmp/.com.google.Chrome.x8gGn1}, timeouts={implicit=0.0, pageLoad=300000.0, script=30000.0}, pageLoadStrategy=normal, unhandledPromptBehavior=dismiss and notify, strictFileInteractability=false, platform=ANY, proxy=Proxy(), goog:chromeOptions={debuggerAddress=localhost:42201}, webdriver.remote.sessionid=aca25c16e18d1ac6a0873bf9c7fff091, acceptInsecureCerts=false, browserVersion=79.0.3945.79, browserName=chrome, javascriptEnabled=true, platformName=linux, setWindowRect=true}]
Session ID: aca25c16e18d1ac6a0873bf9c7fff091
	at sun.reflect.NativeConstructorAccessorImpl.newInstance0(Native Method)
	at sun.reflect.NativeConstructorAccessorImpl.newInstance(NativeConstructorAccessorImpl.java:62)
	at sun.reflect.DelegatingConstructorAccessorImpl.newInstance(DelegatingConstructorAccessorImpl.java:45)
	at java.lang.reflect.Constructor.newInstance(Constructor.java:423)
	at org.openqa.selenium.remote.http.W3CHttpResponseCodec.createException(W3CHttpResponseCodec.java:150)
	at org.openqa.selenium.remote.http.W3CHttpResponseCodec.decode(W3CHttpResponseCodec.java:115)
	at org.openqa.selenium.remote.http.W3CHttpResponseCodec.decode(W3CHttpResponseCodec.java:45)
	at org.openqa.selenium.remote.HttpCommandExecutor.execute(HttpCommandExecutor.java:164)
	at org.openqa.selenium.remote.RemoteWebDriver.execute(RemoteWebDriver.java:637)
	at org.openqa.selenium.remote.RemoteWebElement.execute(RemoteWebElement.java:272)
	at org.openqa.selenium.remote.RemoteWebElement.click(RemoteWebElement.java:82)
	at com.cognizant.cognizantits.engine.commands.Basic.Click(Basic.java:46)
	at com.cognizant.cognizantits.engine.support.reflect.MethodExecutor.executeMethod(MethodExecutor.java:39)
	at com.cognizant.cognizantits.engine.execution.run.TestStepRunner.executeAction(TestStepRunner.java:148)
	at com.cognizant.cognizantits.engine.execution.run.TestStepRunner.executeStep(TestStepRunner.java:144)
	at com.cognizant.cognizantits.engine.execution.run.TestStepRunner.executeStep(TestStepRunner.java:132)
	at com.cognizant.cognizantits.engine.execution.run.TestStepRunner.run(TestStepRunner.java:60)
	at com.cognizant.cognizantits.engine.execution.run.TestCaseRunner.runStep(TestCaseRunner.java:376)
	at com.cognizant.cognizantits.engine.execution.run.TestCaseRunner.run(TestCaseRunner.java:334)
	at com.cognizant.cognizantits.engine.core.Task.runIteration(Task.java:123)
	at com.cognizant.cognizantits.engine.core.Task.run(Task.java:79)
	at java.util.concurrent.ThreadPoolExecutor.runWorker(ThreadPoolExecutor.java:1149)
	at java.util.concurrent.ThreadPoolExecutor$Worker.run(ThreadPoolExecutor.java:624)
	at java.lang.Thread.run(Thread.java:748)

[FAIL]   | org.openqa.selenium.WebDriverException: element click intercepted: Element <button id="buttonwithclass" class="btn" name="submit">...</button> is not clickable at point (93, 11). Other element would receive the click: <div class="cp-info-bar-body-overlay"></div>
  (Session info: chrome=79.0.3945.79)
Build info: version: '3.4.0', revision: 'unknown', time: 'unknown'
System info: host: 'USMGX466H2', ip: '10.44.20.89', os.name: 'Windows 10', os.arch: 'amd64', os.version: '10.0', java.version: '1.8.0_231'
Driver info: org.openqa.selenium.remote.RemoteWebDriver
Capabilities [{networkConnectionEnabled=false, chrome={chromedriverVersion=79.0.3945.36 (3582db32b33893869b8c1339e8f4d9ed1816f143-refs/branch-heads/3945@{#614}), userDataDir=/tmp/.com.google.Chrome.x8gGn1}, timeouts={implicit=0.0, pageLoad=300000.0, script=30000.0}, pageLoadStrategy=normal, unhandledPromptBehavior=dismiss and notify, strictFileInteractability=false, platform=ANY, proxy=Proxy(), goog:chromeOptions={debuggerAddress=localhost:42201}, webdriver.remote.sessionid=aca25c16e18d1ac6a0873bf9c7fff091, acceptInsecureCerts=false, browserVersion=79.0.3945.79, browserName=chrome, javascriptEnabled=true, platformName=linux, setWindowRect=true}]
Session ID: aca25c16e18d1ac6a0873bf9c7fff091

===================================================================================================

2020-01-10 18:58:35:01S -0500 [INFO] org.openqa.selenium.remote.ErrorCodes toStatus:HTTP Status: '404' -> incorrect JSON status mapping for 'no such alert' (400 expected)
Step:15  | Object: Text1
 Text2 | Action: assertElementDisplayed | Input:  | Conditon:  | @10-Jan-2020 18:59:15.015
Using @type [p], Object 'Text1
 Text2' Found in 113 ms
[PASS]   | Element [Text1
 Text2] is Displayed

===================================================================================================

2020-01-10 18:59:15:01S -0500 [INFO] org.openqa.selenium.remote.ErrorCodes toStatus:HTTP Status: '404' -> incorrect JSON status mapping for 'no such alert' (400 expected)

---------------------------------------------------
Testcase Name        : BasicFeatures:Iterations&SubIterations
Executed Steps       : 36
Passed Steps         : 15
Failed Steps         : 21
Time Taken           : 00:06:59
-----------------------------------------------------

Running Iteration 1
Launching Chrome
Launching Remote Driver
2020-01-10 18:59:25:01S -0500 [INFO] org.openqa.selenium.remote.ProtocolHandshake createSession:Detected dialect: W3C
Chrome Launched
Step:1   | Object: Browser | Action: Open | Input: @http://toolsqa.com/automation-practice-form/ | Conditon:  | @10-Jan-2020 18:59:25.025
[DONE]   | Opened Url: http://toolsqa.com/automation-practice-form/

===================================================================================================

Step:2   | Object: firstname | Action: verifyElementDisplayed | Input:  | Conditon:  | @10-Jan-2020 18:59:27.027
Using @name [firstname], Object 'firstname' Found in 348 ms
[PASS]   | Element [firstname] is Displayed

===================================================================================================

2020-01-10 18:59:31:01S -0500 [INFO] org.openqa.selenium.remote.ErrorCodes toStatus:HTTP Status: '404' -> incorrect JSON status mapping for 'no such alert' (400 expected)
Step:3   | Object: firstname | Action: Set | Input: @Cognizant | Conditon:  | @10-Jan-2020 18:59:41.041
Using @name [firstname], Object 'firstname' Found in 31 ms
[DONE]   | Entered Text 'Cognizant' on 'firstname'

===================================================================================================


---------------------------------------------------
Testcase Name        : BasicFeatures:Demo1TestCase
Executed Steps       : 3
Passed Steps         : 3
Failed Steps         : 0
Time Taken           : 00:00:17
-----------------------------------------------------

Run Finished on Fri Jan 10 18:59:41 EST 2020
-----------------------------------------------------
ExecutionDate        : 10-Jan-2020 18-52-24
Executed TestCases   : 2
Passed TestCases     : 1
Failed TestCases     : 1
Time Taken           : 00:07:17
ReportPath           : file:///C:\Program Files (x86)\Cognizant Intelligent Test Scripter\Projects\DemoProject\Results\TestExecution\cits\BasicWebFlow_Default\10-Jan-2020 18-52-24\summary.html
-----------------------------------------------------
