Run Information
========================
cognizant.intelligent.test.scripter.engine : 1.0
java.runtime.name    : Java(TM) SE Runtime Environment
java.version         : 1.8.0_231
java.home            : C:\Program Files\Java\jdk1.8.0_231\jre
os.name              : Windows 10
os.arch              : amd64
os.version           : 10.0
file.encoding        : UTF-8
========================
Run Started on Fri Jan 10 18:26:33 EST 2020
Loading Browser Profile
Loading RunManager
[Scenario:BasicFeatures] [TestCase: Demo1TestCase] [Description: Demo1TestCase] [Browser: Chrome] [BrowserVersion: Default] [Platform: ANY][ExistingBrowser: false]
----------------------------------------------------------
[1] TestCase selected for execution from [//cits/BasicWebFlow_Default]
----------------------------------------------------------
Initializing Report
ApiLink not available!!
Shutting Down Thread as there is no need for SelectiveThreading
Running Iteration 1
Launching Chrome
Launching Local Driver
Starting ChromeDriver 78.0.3904.70 (edb9c9f3de0247fd912a77b7f6cae7447f6d3ad5-refs/branch-heads/3904@{#800}) on port 32174
Only local connections are allowed.
Please protect ports used by ChromeDriver and related test frameworks to prevent access by malicious code.
[1578698795.652][WARNING]: This version of ChromeDriver has not been tested with Chrome version 79.
2020-01-10 18:26:36:01S -0500 [INFO] org.openqa.selenium.remote.ProtocolHandshake createSession:Detected dialect: W3C
Chrome Launched
Step:1   | Object: Browser | Action: Open | Input: @http://toolsqa.com/automation-practice-form/ | Conditon:  | @10-Jan-2020 18:26:37.037
[DONE]   | Opened Url: http://toolsqa.com/automation-practice-form/

===================================================================================================

Step:2   | Object: firstname | Action: Click | Input:  | Conditon:  | @10-Jan-2020 18:26:42.042
Using @name [firstname], Object 'firstname' Found in 39 ms
2020-01-10 18:27:02:01S -0500 [SEVERE] com.cognizant.cognizantits.engine.execution.run.TestCaseRunner onError:org.openqa.selenium.WebDriverException: element click intercepted: Element <input name="firstname" type="text"> is not clickable at point (255, 594). Other element would receive the click: <div id="cookie-law-info-bar" style="background-color: rgb(61, 130, 191); color: rgb(255, 255, 255); font-family: Verdana, Geneva; bottom: 0px; position: fixed; display: block;">...</div>
  (Session info: chrome=79.0.3945.88)
Build info: version: '3.4.0', revision: 'unknown', time: 'unknown'
System info: host: 'USMGX466H2', ip: '10.44.20.89', os.name: 'Windows 10', os.arch: 'amd64', os.version: '10.0', java.version: '1.8.0_231'
Driver info: org.openqa.selenium.chrome.ChromeDriver
Capabilities [{networkConnectionEnabled=false, chrome={chromedriverVersion=78.0.3904.70 (edb9c9f3de0247fd912a77b7f6cae7447f6d3ad5-refs/branch-heads/3904@{#800}), userDataDir=C:\Users\shanmra\AppData\Local\Temp\scoped_dir10532_907789983}, timeouts={implicit=0.0, pageLoad=300000.0, script=30000.0}, pageLoadStrategy=normal, unhandledPromptBehavior=dismiss and notify, strictFileInteractability=false, platform=ANY, proxy=Proxy(), goog:chromeOptions={debuggerAddress=localhost:54728}, acceptInsecureCerts=false, browserVersion=79.0.3945.88, browserName=chrome, javascriptEnabled=true, platformName=windows nt, setWindowRect=true}]
Session ID: 386a5cd862f5fb4ecf624de3d71517fd
org.openqa.selenium.WebDriverException: element click intercepted: Element <input name="firstname" type="text"> is not clickable at point (255, 594). Other element would receive the click: <div id="cookie-law-info-bar" style="background-color: rgb(61, 130, 191); color: rgb(255, 255, 255); font-family: Verdana, Geneva; bottom: 0px; position: fixed; display: block;">...</div>
  (Session info: chrome=79.0.3945.88)
Build info: version: '3.4.0', revision: 'unknown', time: 'unknown'
System info: host: 'USMGX466H2', ip: '10.44.20.89', os.name: 'Windows 10', os.arch: 'amd64', os.version: '10.0', java.version: '1.8.0_231'
Driver info: org.openqa.selenium.chrome.ChromeDriver
Capabilities [{networkConnectionEnabled=false, chrome={chromedriverVersion=78.0.3904.70 (edb9c9f3de0247fd912a77b7f6cae7447f6d3ad5-refs/branch-heads/3904@{#800}), userDataDir=C:\Users\shanmra\AppData\Local\Temp\scoped_dir10532_907789983}, timeouts={implicit=0.0, pageLoad=300000.0, script=30000.0}, pageLoadStrategy=normal, unhandledPromptBehavior=dismiss and notify, strictFileInteractability=false, platform=ANY, proxy=Proxy(), goog:chromeOptions={debuggerAddress=localhost:54728}, acceptInsecureCerts=false, browserVersion=79.0.3945.88, browserName=chrome, javascriptEnabled=true, platformName=windows nt, setWindowRect=true}]
Session ID: 386a5cd862f5fb4ecf624de3d71517fd
	at sun.reflect.NativeConstructorAccessorImpl.newInstance0(Native Method)
	at sun.reflect.NativeConstructorAccessorImpl.newInstance(NativeConstructorAccessorImpl.java:62)
	at sun.reflect.DelegatingConstructorAccessorImpl.newInstance(DelegatingConstructorAccessorImpl.java:45)
	at java.lang.reflect.Constructor.newInstance(Constructor.java:423)
	at org.openqa.selenium.remote.http.W3CHttpResponseCodec.createException(W3CHttpResponseCodec.java:150)
	at org.openqa.selenium.remote.http.W3CHttpResponseCodec.decode(W3CHttpResponseCodec.java:115)
	at org.openqa.selenium.remote.http.W3CHttpResponseCodec.decode(W3CHttpResponseCodec.java:45)
	at org.openqa.selenium.remote.HttpCommandExecutor.execute(HttpCommandExecutor.java:164)
	at org.openqa.selenium.remote.service.DriverCommandExecutor.execute(DriverCommandExecutor.java:82)
	at org.openqa.selenium.remote.RemoteWebDriver.execute(RemoteWebDriver.java:637)
	at org.openqa.selenium.remote.RemoteWebElement.execute(RemoteWebElement.java:272)
	at org.openqa.selenium.remote.RemoteWebElement.click(RemoteWebElement.java:82)
	at com.cognizant.cognizantits.engine.commands.Basic.Click(Basic.java:46)
	at com.cognizant.cognizantits.engine.support.reflect.MethodExecutor.executeMethod(MethodExecutor.java:39)
	at com.cognizant.cognizantits.engine.execution.run.TestStepRunner.executeAction(TestStepRunner.java:148)
	at com.cognizant.cognizantits.engine.execution.run.TestStepRunner.executeStep(TestStepRunner.java:144)
	at com.cognizant.cognizantits.engine.execution.run.TestStepRunner.executeStep(TestStepRunner.java:132)
	at com.cognizant.cognizantits.engine.execution.run.TestStepRunner.run(TestStepRunner.java:60)
	at com.cognizant.cognizantits.engine.execution.run.TestCaseRunner.runStep(TestCaseRunner.java:376)
	at com.cognizant.cognizantits.engine.execution.run.TestCaseRunner.run(TestCaseRunner.java:334)
	at com.cognizant.cognizantits.engine.core.Task.runIteration(Task.java:123)
	at com.cognizant.cognizantits.engine.core.Task.run(Task.java:79)
	at java.util.concurrent.ThreadPoolExecutor.runWorker(ThreadPoolExecutor.java:1149)
	at java.util.concurrent.ThreadPoolExecutor$Worker.run(ThreadPoolExecutor.java:624)
	at java.lang.Thread.run(Thread.java:748)

[FAIL]   | org.openqa.selenium.WebDriverException: element click intercepted: Element <input name="firstname" type="text"> is not clickable at point (255, 594). Other element would receive the click: <div id="cookie-law-info-bar" style="background-color: rgb(61, 130, 191); color: rgb(255, 255, 255); font-family: Verdana, Geneva; bottom: 0px; position: fixed; display: block;">...</div>
  (Session info: chrome=79.0.3945.88)
Build info: version: '3.4.0', revision: 'unknown', time: 'unknown'
System info: host: 'USMGX466H2', ip: '10.44.20.89', os.name: 'Windows 10', os.arch: 'amd64', os.version: '10.0', java.version: '1.8.0_231'
Driver info: org.openqa.selenium.chrome.ChromeDriver
Capabilities [{networkConnectionEnabled=false, chrome={chromedriverVersion=78.0.3904.70 (edb9c9f3de0247fd912a77b7f6cae7447f6d3ad5-refs/branch-heads/3904@{#800}), userDataDir=C:\Users\shanmra\AppData\Local\Temp\scoped_dir10532_907789983}, timeouts={implicit=0.0, pageLoad=300000.0, script=30000.0}, pageLoadStrategy=normal, unhandledPromptBehavior=dismiss and notify, strictFileInteractability=false, platform=ANY, proxy=Proxy(), goog:chromeOptions={debuggerAddress=localhost:54728}, acceptInsecureCerts=false, browserVersion=79.0.3945.88, browserName=chrome, javascriptEnabled=true, platformName=windows nt, setWindowRect=true}]
Session ID: 386a5cd862f5fb4ecf624de3d71517fd

===================================================================================================

2020-01-10 18:27:02:01S -0500 [INFO] org.openqa.selenium.remote.ErrorCodes toStatus:HTTP Status: '404' -> incorrect JSON status mapping for 'no such alert' (400 expected)
Step:3   | Object: firstname | Action: Set | Input: @Cognizant | Conditon:  | @10-Jan-2020 18:27:27.027
Using @name [firstname], Object 'firstname' Found in 86 ms
[DONE]   | Entered Text 'Cognizant' on 'firstname'

===================================================================================================


---------------------------------------------------
Testcase Name        : BasicFeatures:Demo1TestCase
Executed Steps       : 3
Passed Steps         : 2
Failed Steps         : 1
Time Taken           : 00:00:57
-----------------------------------------------------

Run Finished on Fri Jan 10 18:27:30 EST 2020
-----------------------------------------------------
ExecutionDate        : 10-Jan-2020 18-26-33
Executed TestCases   : 1
Passed TestCases     : 0
Failed TestCases     : 1
Time Taken           : 00:00:57
ReportPath           : file:///C:\Program Files (x86)\Cognizant Intelligent Test Scripter\Projects\DemoProject\Results\TestExecution\cits\BasicWebFlow_Default\10-Jan-2020 18-26-33\summary.html
-----------------------------------------------------
